augur refine is using TreeTime version 0.11.3

8.53	TreeTime.reroot: with method or node: least-squares

8.54	TreeTime.reroot: rerooting will ignore covariance and shared ancestry.

9.98	TreeTime.reroot: with method or node: least-squares

9.98	TreeTime.reroot: rerooting will ignore covariance and shared ancestry.
pruning leaf  NC_001781.1
pruning leaf  hRSV/B/China/BCH-Y/2016
pruning leaf  hRSV/B/Kuwait/KUNIV-52984/2021
pruning leaf  hRSV/B/Kuwait/KUNIV-1488/2022
pruning leaf  hRSV/B/Kuwait/KUNIV-4269/2020
pruning leaf  hRSV/B/Spain/GA-CHUAC-105/2024
pruning leaf  Yale-RSV-0093
pruning leaf  hRSV/B/Spain/GA-SCQ-CHUS_194197/2023
pruning leaf  hRSV/B/Kuwait/KUNIV-11318/2022
pruning leaf  hRSV/B/Kuwait/KUNIV-10505/2022
pruning leaf  hRSV/B/Kuwait/KUNIV-3244/2022
pruning leaf  hRSV/B/Kuwait/KUNIV-2138/2022

31.37	TreeTime.reroot: with method or node: least-squares

31.43	TreeTime.reroot: rerooting will account for covariance and shared
     	ancestry.

40.70	###TreeTime.run: INITIAL ROUND

72.86	TreeTime.reroot: with method or node: least-squares

72.87	TreeTime.reroot: rerooting will account for covariance and shared
     	ancestry.

73.84	###TreeTime.run: rerunning timetree after rerooting

118.74	###TreeTime.run: ITERATION 1 out of 2 iterations

171.99	###TreeTime.run: ITERATION 2 out of 2 iterations

310.83	###TreeTime.run: FINAL ROUND - confidence estimation via marginal
      	reconstruction

Inferred a time resolved phylogeny using TreeTime:
	Sagulenko et al. TreeTime: Maximum-likelihood phylodynamic analysis
	Virus Evolution, vol 4, https://academic.oup.com/ve/article/4/1/vex042/4794731

updated tree written to results/RSVB_tree.nwk
node attributes written to results/RSVB_branchlens.json
