==== gap1  RSVAB_7  1983-2206 ====
 Pool 1 primers:
   RSVBA_6_RIGHT A 6 1 R 1966 1988
   RSVBA_6_RIGHT B 6 1 R 1966 1988
   RSVB_8_LEFT B 8 1 F 2199 2224
 Pool 1 amplicons [0]:

 Pool 2 primers:
   hRSVAB_7_LEFT_mod A 7 2 F 1878 1901
   RSVAB_7_RIGHT A 7 2 R 2358 2381
   hRSVAB_7_LEFT_mod B 7 2 F 1878 1901
   RSVAB_7_RIGHT B 7 2 R 2358 2381
 Pool 2 amplicons [1]:
   hRSVAB_7_LEFT_mod -> RSVAB_7_RIGHT	1878-2381

==== gap2  RSVB_15-18  4459-5289 ====
 Pool 1 primers:
   RSVAB_16_LEFT A 16 1 F 4675 4697
   RSVA_16_RIGHT A 16 1 R 5413 5440
   RSVA_20_RIGHT A 20 1 F 4730 4752
   RSVA_22_LEFT A 22 1 F 4690 4716
   RSVA_26_RIGHT A 26 1 F 4975 4996
   RSVA_50_RIGHT A 50 1 R 4442 4475
   RSVB_14_RIGHT B 14 1 R 4435 4465
   RSVB_16_RIGHT B 16 1 R 5029 5051
   RSVAB_16_LEFT B 16 1 F 4675 4697
   RSVB_18_LEFT B 18 1 F 5303 5327
 Pool 1 amplicons [9]:
   RSVAB_16_LEFT -> RSVB_16_RIGHT	4675-5051
   RSVAB_16_LEFT -> RSVA_16_RIGHT	4675-5440
   RSVA_22_LEFT -> RSVB_16_RIGHT	4690-5051
   RSVA_22_LEFT -> RSVA_16_RIGHT	4690-5440
   RSVA_20_RIGHT -> RSVB_16_RIGHT	4730-5051
   RSVA_20_RIGHT -> RSVA_16_RIGHT	4730-5440
   RSVA_26_RIGHT -> RSVB_16_RIGHT	4975-5051
   RSVA_26_RIGHT -> RSVA_16_RIGHT	4975-5440
   RSVB_18_LEFT -> RSVA_16_RIGHT	5303-5440

 Pool 2 primers:
   RSVA_1_LEFT A 1 2 R 4854 4886
   RSVA_11_LEFT A 11 2 F 5446 5469
   RSVA_15_LEFT A 15 2 F 4342 4369
   RSVAB_15_RIGHT A 15 2 R 4734 4757
   RSVA_21_LEFT A 21 2 F 5321 5346
   RSVB_3_LEFT B 3 2 F 5006 5030
   RSVB_15_LEFT B 15 2 F 4343 4372
   RSVAB_15_RIGHT B 15 2 R 4734 4757
   RSVAB_17_LEFT B 17 2 F 4968 4990
   RSVAB_17_RIGHT B 17 2 R 5341 5363
   RSVB_19_LEFT B 19 2 F 5540 5562
 Pool 2 amplicons [9]:
   RSVA_15_LEFT -> RSVAB_15_RIGHT	4342-4757
   RSVA_15_LEFT -> RSVA_1_LEFT	4342-4886
   RSVA_15_LEFT -> RSVAB_17_RIGHT	4342-5363
   RSVB_15_LEFT -> RSVAB_15_RIGHT	4343-4757
   RSVB_15_LEFT -> RSVA_1_LEFT	4343-4886
   RSVB_15_LEFT -> RSVAB_17_RIGHT	4343-5363
   RSVAB_17_LEFT -> RSVAB_17_RIGHT	4968-5363
   RSVB_3_LEFT -> RSVAB_17_RIGHT	5006-5363
   RSVA_21_LEFT -> RSVAB_17_RIGHT	5321-5363

==== gap3  RSVB_30  9115-9214 ====
 Pool 1 primers:
   RSVA_30_RIGHT A 30 1 R 9097 9119
   RSVB_30_RIGHT B 30 1 R 9291 9320
 Pool 1 amplicons [0]:

 Pool 2 primers:
   RSVA_9_LEFT A 9 2 F 8978 9011
   RSVA_13_RIGHT A 13 2 R 9008 9038
   RSVA_29_LEFT A 29 2 F 9276 9308
   RSVA_31_LEFT A 31 2 F 9024 9050
   RSVB_29_RIGHT B 29 2 R 8977 9003
   RSVB_31_LEFT B 31 2 F 9209 9238
 Pool 2 amplicons [1]:
   RSVA_9_LEFT -> RSVA_13_RIGHT	8978-9038

==== gap4  RSVB_34  10185-10404 ====
 Pool 1 primers:
   RSVA_20_LEFT A 20 1 R 10465 10491
   RSVA_38_RIGHT A 38 1 F 10485 10509
   RSVB_34_RIGHT B 34 1 R 10461 10487
 Pool 1 amplicons [0]:

 Pool 2 primers:
   hRSVAB_33_RIGHT_mod A 33 2 R 10164 10190
   RSVA_35_LEFT A 35 2 F 10228 10261
   hRSVAB_33_RIGHT_mod B 33 2 R 10164 10190
   RSVB_35_LEFT B 35 2 F 10400 10424
 Pool 2 amplicons [0]:

==== gap5  RSVB_44-45  13080-13627 ====
 Pool 1 primers:
   RSVA_18_RIGHT A 18 1 F 13169 13192
   RSVAB_44_RIGHT A 44 1 R 13368 13390
   RSVBA_44_LEFT A 44 1 F 12996 13022
   RSVA_46_LEFT A 46 1 F 13581 13608
   RSVBA_44_LEFT B 44 1 F 12996 13022
   RSVAB_44_RIGHT B 44 1 R 13368 13390
   RSVB_46_LEFT B 46 1 F 13622 13644
 Pool 1 amplicons [2]:
   RSVBA_44_LEFT -> RSVAB_44_RIGHT	12996-13390
   RSVA_18_RIGHT -> RSVAB_44_RIGHT	13169-13390

 Pool 2 primers:
   RSVAB_43_RIGHT A 43 2 R 13059 13085
   RSVAB_43_RIGHT B 43 2 R 13059 13085
   RSVB_45_LEFT B 45 2 F 13296 13324
   RSVB_45_RIGHT B 45 2 R 13682 13712
 Pool 2 amplicons [1]:
   RSVB_45_LEFT -> RSVB_45_RIGHT	13296-13712

==== gap6  RSVAB_48  14327-14559 ====
 Pool 1 primers:
   RSVAB_48_LEFT A 48 1 F 14214 14239
   RSVAB_48_RIGHT A 48 1 R 14598 14624
   RSVAB_48_LEFT B 48 1 F 14214 14239
   RSVAB_48_RIGHT B 48 1 R 14598 14624
 Pool 1 amplicons [1]:
   RSVAB_48_LEFT -> RSVAB_48_RIGHT	14214-14624

 Pool 2 primers:
   RSVBA_47_RIGHT A 47 2 R 14306 14330
   RSVA_49_LEFT A 49 2 R 14273 14294
   RSVBA_47_RIGHT B 47 2 R 14306 14330
   RSVB_49_LEFT B 49 2 F 14555 14579
 Pool 2 amplicons [0]:

