IQ-TREE version 3.0.1 for MacOS ARM 64-bit built Jul  9 2025
Developed by Bui Quang Minh, Thomas Wong, Nhan Ly-Trong, Huaiyan Ren
Contributed by Lam-Tung Nguyen, Dominik Schrempf, Chris Bielow,
Olga Chernomor, Michael Woodhams, Diep Thi Hoang, Heiko Schmidt

Host:    snrm2blue.lan (SSE4.2, 8 GB RAM)
Command: iqtree --prefix iqtree/F_sequences -s geneseqs/F_codontrim.fasta -m GTR+G -nt AUTO -bb 1000 -alrt 1000 --redo
Seed:    852917 (Using SPRNG - Scalable Parallel Random Number Generator)
Time:    Mon Sep 15 17:44:53 2025
Kernel:  SSE2 - auto-detect threads (8 CPU cores detected)

Reading alignment file geneseqs/F_codontrim.fasta ... Fasta format detected
Reading fasta file: done in 0.00942898 secs using 88.05% CPU
Alignment most likely contains DNA/RNA sequences
Constructing alignment: done in 0.00357795 secs using 84.74% CPU
WARNING: 3 sites contain only gaps or ambiguous characters.
Alignment has 548 sequences with 1725 columns, 491 distinct patterns
262 parsimony-informative, 133 singleton sites, 1330 constant sites
                   Gap/Ambiguity  Composition  p-value
Analyzing sequences: done in 0.000351906 secs using 128.4% CPU
   1  Yale-RSV-0001-1_F    0.23%    passed     99.50%
   2  Yale-RSV-0006-1_F    0.17%    passed     99.80%
   3  Yale-RSV-0007-1_F    0.23%    passed     99.99%
   4  Yale-RSV-0020-1_F    0.17%    passed     99.95%
   5  Yale-RSV-0026-1_F    1.51%    passed     99.84%
   6  Yale-RSV-0030-1_F    0.17%    passed     99.62%
   7  Yale-RSV-0037-1_F    0.23%    passed     99.97%
   8  Yale-RSV-0043-1_F    0.23%    passed     99.50%
   9  Yale-RSV-0053-1_F    0.23%    passed     99.72%
  10  Yale-RSV-0055-1_F    0.17%    passed     99.62%
  11  Yale-RSV-0061-1_F    0.23%    passed     99.92%
  12  Yale-RSV-0075-1_F    0.23%    passed     99.92%
  13  Yale-RSV-0076-1_F    0.23%    passed     99.92%
  14  Yale-RSV-0085-1_F    0.23%    passed     99.70%
  15  Yale-RSV-0097-1_F    0.17%    passed     99.80%
  16  Yale-RSV-0113-1_F    1.39%    passed     99.97%
  17  Yale-RSV-0118-1_F    0.81%    passed     99.19%
  18  Yale-RSV-0121-1_F    0.29%    passed     99.81%
  19  Yale-RSV-0133-1_F    0.17%    passed     99.96%
  20  Yale-RSV-0136-1_F    0.35%    passed     99.97%
  21  Yale-RSV-0140-1_F    0.17%    passed     99.99%
  22  Yale-RSV-0142-1_F    0.23%    passed     99.92%
  23  Yale-RSV-0147-1_F    7.54%    passed     99.31%
  24  Yale-RSV-0160-1_F    0.23%    passed     99.63%
  25  Yale-RSV-0161-1_F    0.17%    passed     99.93%
  26  Yale-RSV-0179-1_F    0.17%    passed     99.89%
  27  Yale-RSV-0184-1_F    0.29%    passed     99.64%
  28  Yale-RSV-0187-1_F    0.17%    passed    100.00%
  29  Yale-RSV-0189-1_F    0.23%    passed     99.98%
  30  Yale-RSV-0208-1_F    0.35%    passed     99.57%
  31  Yale-RSV-0216-1_F    0.35%    passed     99.88%
  32  Yale-RSV-0221-1_F    0.29%    passed     99.15%
  33  Yale-RSV-0228-1_F    0.29%    passed     99.96%
  34  Yale-RSV-0231-1_F    0.29%    passed     99.86%
  35  Yale-RSV-0237-1_F    0.29%    passed     99.87%
  36  Yale-RSV-0251-1_F    0.17%    passed     99.98%
  37  Yale-RSV-0252-1_F    0.17%    passed     99.88%
  38  Yale-RSV-0254-1_F    0.35%    passed     99.87%
  39  Yale-RSV-0259-1_F    0.17%    passed     99.93%
  40  Yale-RSV-0262-1_F    0.17%    passed     99.95%
  41  Yale-RSV-0277-1_F    0.17%    passed     99.48%
  42  Yale-RSV-0292-1_F    0.41%    passed     99.78%
  43  Yale-RSV-0294-1_F    0.35%    passed     99.91%
  44  Yale-RSV-0297-1_F    0.29%    passed     99.86%
  45  Yale-RSV-0307-1_F    0.41%    passed     99.84%
  46  Yale-RSV-0311-1_F    0.41%    passed    100.00%
  47  Yale-RSV-0314-1_F    0.41%    passed     99.87%
  48  Yale-RSV-0330-1_F    0.41%    passed     99.96%
  49  Yale-RSV-0346-1_F    0.41%    passed     99.82%
  50  Yale-RSV-0361-1_F    0.41%    passed     99.93%
  51  Yale-RSV-0367-1_F    0.35%    passed     99.98%
  52  Yale-RSV-0373-1_F    0.41%    passed     99.94%
  53  Yale-RSV-0385-1_F    1.45%    passed     99.89%
  54  Yale-RSV-0388-1_F    0.17%    passed     99.34%
  55  Yale-RSV-0395-1_F    1.80%    passed     99.99%
  56  Yale-RSV-0397-1_F    1.28%    passed     99.40%
  57  Yale-RSV-0428-1_F    0.64%    passed     99.70%
  58  Yale-RSV-0438-1_F    0.35%    passed     99.98%
  59  Yale-RSV-0441-1_F   16.12%    passed     90.20%
  60  Yale-RSV-0442-1_F    1.86%    passed     99.83%
  61  Yale-RSV-0451-1_F    0.41%    passed     99.72%
  62  Yale-RSV-0461-1_F    0.29%    passed     99.96%
  63  Yale-RSV-0462-1_F    0.35%    passed     99.78%
  64  Yale-RSV-0464-1_F    7.48%    passed     99.09%
  65  Yale-RSV-0468-1_F    0.17%    passed     99.83%
  66  Yale-RSV-0469-1_F    0.17%    passed     99.80%
  67  Yale-RSV-0475-1_F    0.17%    passed     99.29%
  68  Yale-RSV-0482-1_F    0.35%    passed     99.75%
  69  Yale-RSV-0483-1_F    0.35%    passed     99.02%
  70  Yale-RSV-0484-1_F    0.17%    passed     99.95%
  71  Yale-RSV-0486-1_F    0.17%    passed     99.95%
  72  Yale-RSV-0491-1_F    0.35%    passed     99.57%
  73  Yale-RSV-0492-1_F    0.17%    passed     99.99%
  74  Yale-RSV-0498-1_F    0.35%    passed     99.82%
  75  Yale-RSV-0500-1_F    0.46%    passed     99.18%
  76  Yale-RSV-0502-1_F    0.29%    passed     99.94%
  77  Yale-RSV-0504-1_F    1.28%    passed     99.37%
  78  Yale-RSV-0517-1_F    0.35%    passed     99.57%
  79  Yale-RSV-0524-1_F    0.23%    passed     99.89%
  80  Yale-RSV-0527-1_F    0.23%    passed     99.33%
  81  Yale-RSV-0530-1_F    5.68%    passed     92.14%
  82  Yale-RSV-0531-1_F    0.17%    passed     99.97%
  83  Yale-RSV-0541-1_F    0.64%    passed     99.97%
  84  Yale-RSV-0542-1_F    0.23%    passed     99.77%
  85  Yale-RSV-0543-1_F    4.93%    passed     97.74%
  86  Yale-RSV-0545-1_F    0.23%    passed     99.77%
  87  Yale-RSV-0548-1_F    0.17%    passed     99.99%
  88  Yale-RSV-0550-1_F    0.29%    passed     99.82%
  89  Yale-RSV-0559-1_F    0.17%    passed     99.95%
  90  Yale-RSV-0566-1_F    0.17%    passed     99.99%
  91  Yale-RSV-0568-1_F    0.23%    passed     99.78%
  92  Yale-RSV-0687_F      0.35%    passed     99.87%
  93  Yale-RSV-0688_F      0.17%    passed     99.82%
  94  Yale-RSV-0690_F      0.17%    passed     99.98%
  95  Yale-RSV-0694_F      0.23%    passed     99.98%
  96  Yale-RSV-0697_F      0.17%    passed     99.77%
  97  Yale-RSV-0698_F      0.17%    passed     99.77%
  98  Yale-RSV-0700_F      0.35%    passed     99.99%
  99  Yale-RSV-0701_F      0.35%    passed     99.82%
 100  Yale-RSV-0702_F      0.35%    passed     99.82%
 101  Yale-RSV-0706_F      0.23%    passed     97.88%
 102  Yale-RSV-0710_F      0.35%    passed     99.49%
 103  Yale-RSV-0711_F      0.35%    passed     99.95%
 104  Yale-RSV-0712_F      0.17%    passed     99.77%
 105  Yale-RSV-0714_F      0.17%    passed     97.98%
 106  Yale-RSV-0715_F      0.17%    passed     99.77%
 107  Yale-RSV-0721_F      0.23%    passed     99.12%
 108  Yale-RSV-0723_F      0.17%    passed     99.77%
 109  Yale-RSV-0729_F      0.17%    passed     99.92%
 110  Yale-RSV-0731_F      0.23%    passed     99.97%
 111  Yale-RSV-0735_F      0.23%    passed     99.92%
 112  Yale-RSV-0743_F      0.17%    passed     99.92%
 113  Yale-RSV-0744_F      0.23%    passed     99.97%
 114  Yale-RSV-0745_F      0.23%    passed     99.89%
 115  Yale-RSV-0746_F      0.17%    passed     97.98%
 116  Yale-RSV-0749_F      0.35%    passed     99.25%
 117  Yale-RSV-0751_F      0.29%    passed     99.58%
 118  Yale-RSV-0752_F      0.23%    passed     99.92%
 119  Yale-RSV-0753_F      0.17%    passed     99.14%
 120  Yale-RSV-0755_F      0.17%    passed     96.93%
 121  Yale-RSV-0756_F      0.29%    passed     99.85%
 122  Yale-RSV-0758_F      0.23%    passed     99.92%
 123  Yale-RSV-0759_F      0.35%    passed     99.95%
 124  Yale-RSV-0761_F      0.23%    passed     99.92%
 125  Yale-RSV-0762_F      0.17%    passed     99.14%
 126  Yale-RSV-0764_F      0.17%    passed     99.92%
 127  Yale-RSV-0766_F      0.23%    passed     99.92%
 128  Yale-RSV-0767_F      0.29%    passed     99.84%
 129  Yale-RSV-0768_F      0.17%    passed     99.98%
 130  Yale-RSV-0770_F      0.35%    passed     99.69%
 131  Yale-RSV-0772_F      0.17%    passed     97.98%
 132  Yale-RSV-0773_F      0.41%    passed     99.75%
 133  Yale-RSV-0774_F      1.80%    passed     97.17%
 134  Yale-RSV-0777_F      0.29%    passed     99.92%
 135  Yale-RSV-0778_F      0.17%    passed     99.91%
 136  Yale-RSV-0780_F      0.17%    passed     99.77%
 137  Yale-RSV-0782_F      0.17%    passed     99.90%
 138  Yale-RSV-0783_F      0.23%    passed     97.68%
 139  Yale-RSV-0785_F     13.33%    passed     87.41%
 140  Yale-RSV-0787_F      0.17%    passed     96.93%
 141  Yale-RSV-0788_F      0.23%    passed     99.97%
 142  Yale-RSV-0789_F      0.17%    passed     99.98%
 143  Yale-RSV-0790_F      0.17%    passed     99.98%
 144  Yale-RSV-0792_F      0.23%    passed     99.85%
 145  Yale-RSV-0793_F      0.17%    passed     97.98%
 146  Yale-RSV-0794_F      0.23%    passed     99.92%
 147  Yale-RSV-0796_F      0.17%    passed     99.92%
 148  Yale-RSV-0797_F      0.17%    passed     99.92%
 149  Yale-RSV-0798_F      0.17%    passed     99.98%
 150  Yale-RSV-0804_F      0.17%    passed     99.66%
 151  Yale-RSV-0805_F      0.29%    passed     99.91%
 152  Yale-RSV-0806_F      0.17%    passed     99.96%
 153  Yale-RSV-0807_F      0.17%    passed     99.98%
 154  Yale-RSV-0810_F      0.17%    passed     99.77%
 155  Yale-RSV-0811_F      0.17%    passed     99.89%
 156  Yale-RSV-0813_F      0.17%    passed     99.77%
 157  Yale-RSV-0814_F      0.23%    passed     99.91%
 158  Yale-RSV-0815_F      0.35%    passed     97.91%
 159  Yale-RSV-0816_F      0.17%    passed     97.17%
 160  Yale-RSV-0818_F      0.17%    passed     99.92%
 161  Yale-RSV-0819_F      0.17%    passed     99.92%
 162  Yale-RSV-0820_F      0.17%    passed     97.24%
 163  Yale-RSV-0824_F      0.17%    passed     99.66%
 164  Yale-RSV-0825_F      0.17%    passed     99.62%
 165  Yale-RSV-0828_F      0.17%    passed     96.93%
 166  Yale-RSV-0829_F      0.17%    passed     99.14%
 167  Yale-RSV-0830_F      0.23%    passed     99.92%
 168  Yale-RSV-0831_F      0.17%    passed     99.77%
 169  Yale-RSV-0832_F      0.17%    passed     99.96%
 170  Yale-RSV-0833_F      0.17%    passed     97.98%
 171  Yale-RSV-0834_F      0.35%    passed     98.02%
 172  Yale-RSV-0835_F      0.17%    passed     99.92%
 173  Yale-RSV-0836_F      0.17%    passed     99.77%
 174  Yale-RSV-0838_F      0.23%    passed     99.46%
 175  Yale-RSV-0839_F      0.17%    passed     99.92%
 176  Yale-RSV-0840_F      0.17%    passed     99.99%
 177  Yale-RSV-0841_F      0.23%    passed     99.92%
 178  Yale-RSV-0843_F      0.23%    passed     99.92%
 179  Yale-RSV-0844_F      0.23%    passed     99.92%
 180  Yale-RSV-0845_F      0.23%    passed    100.00%
 181  Yale-RSV-0847_F      0.17%    passed     99.92%
 182  Yale-RSV-0849_F      0.17%    passed     99.98%
 183  Yale-RSV-0851_F      0.17%    passed     99.77%
 184  Yale-RSV-0852_F      0.17%    passed     99.47%
 185  Yale-RSV-0853_F      0.17%    passed     99.77%
 186  Yale-RSV-0854_F      0.17%    passed     99.27%
 187  Yale-RSV-0855_F      0.23%    passed     99.92%
 188  Yale-RSV-0856_F      0.23%    passed     99.95%
 189  Yale-RSV-0857_F      0.17%    passed     99.77%
 190  Yale-RSV-0858_F      0.17%    passed     99.92%
 191  Yale-RSV-0860_F      0.17%    passed     99.85%
 192  Yale-RSV-0861_F      0.17%    passed     99.98%
 193  Yale-RSV-0862_F      0.17%    passed     99.57%
 194  Yale-RSV-0863_F      0.17%    passed     99.92%
 195  Yale-RSV-0864_F      0.17%    passed     99.77%
 196  Yale-RSV-0866_F      0.17%    passed     99.77%
 197  Yale-RSV-0867_F      0.17%    passed     99.14%
 198  Yale-RSV-0870_F      0.17%    passed     99.98%
 199  Yale-RSV-0871_F      0.17%    passed     99.98%
 200  Yale-RSV-0872_F      0.17%    passed     99.98%
 201  Yale-RSV-0873_F      0.17%    passed     99.98%
 202  Yale-RSV-0874_F      0.17%    passed     97.17%
 203  Yale-RSV-0875_F      0.17%    passed     99.82%
 204  Yale-RSV-0876_F      0.17%    passed     97.17%
 205  Yale-RSV-0878_F      2.09%    passed     97.91%
 206  Yale-RSV-0879_F      0.17%    passed     99.98%
 207  Yale-RSV-0880_F      0.17%    passed     99.88%
 208  Yale-RSV-0881_F      0.17%    passed     99.92%
 209  Yale-RSV-0882_F      0.17%    passed     98.94%
 210  Yale-RSV-0884_F      0.17%    passed     99.77%
 211  Yale-RSV-0885_F      0.46%    passed     99.23%
 212  Yale-RSV-0886_F      0.17%    passed     99.55%
 213  Yale-RSV-0887_F      0.17%    passed     99.93%
 214  Yale-RSV-0888_F      0.23%    passed     99.94%
 215  Yale-RSV-0890_F      0.17%    passed     96.93%
 216  Yale-RSV-0891_F      0.23%    passed     99.90%
 217  Yale-RSV-0892_F      0.17%    passed     98.94%
 218  Yale-RSV-0893_F      0.17%    passed     99.77%
 219  Yale-RSV-0894_F      0.23%    passed     99.97%
 220  Yale-RSV-0896_F      0.17%    passed     99.91%
 221  Yale-RSV-0897_F      0.17%    passed     99.99%
 222  Yale-RSV-0898_F      0.17%    passed     99.77%
 223  Yale-RSV-0899_F      0.29%    passed     98.06%
 224  Yale-RSV-0900_F      0.17%    passed     99.98%
 225  Yale-RSV-0901_F      0.17%    passed     99.99%
 226  Yale-RSV-0902_F      0.17%    passed     99.98%
 227  Yale-RSV-0903_F      0.17%    passed     99.77%
 228  Yale-RSV-0904_F      0.23%    passed    100.00%
 229  Yale-RSV-0905_F      0.17%    passed     99.43%
 230  Yale-RSV-0906_F      0.17%    passed     99.96%
 231  Yale-RSV-0907_F      0.17%    passed     97.17%
 232  Yale-RSV-0908_F      0.17%    passed     99.76%
 233  Yale-RSV-0909_F      0.17%    passed     99.97%
 234  Yale-RSV-0910_F      0.17%    passed     99.62%
 235  Yale-RSV-0911_F      0.17%    passed     99.96%
 236  Yale-RSV-0912_F      5.57%    passed     98.37%
 237  Yale-RSV-0915_F      0.23%    passed     99.91%
 238  Yale-RSV-0916_F      0.29%    passed     98.31%
 239  Yale-RSV-0917_F      0.17%    passed     96.29%
 240  Yale-RSV-0918_F      0.81%    passed     98.11%
 241  Yale-RSV-0921_F      0.17%    passed     99.66%
 242  Yale-RSV-0922_F      0.17%    passed     99.92%
 243  Yale-RSV-0924_F     15.54%    passed     97.39%
 244  Yale-RSV-0925_F      0.17%    passed     99.51%
 245  Yale-RSV-0926_F      0.17%    passed     99.62%
 246  Yale-RSV-0927_F      0.17%    passed     99.98%
 247  Yale-RSV-0928_F      0.17%    passed     97.17%
 248  Yale-RSV-0929_F      0.17%    passed     97.17%
 249  Yale-RSV-0930_F      0.17%    passed     99.98%
 250  Yale-RSV-0931_F      0.17%    passed     99.77%
 251  Yale-RSV-0932_F      0.17%    passed     98.94%
 252  Yale-RSV-0933_F      0.17%    passed     99.55%
 253  Yale-RSV-0934_F      0.23%    passed     99.92%
 254  Yale-RSV-0935_F      0.17%    passed     99.34%
 255  Yale-RSV-0936_F      0.17%    passed     97.98%
 256  Yale-RSV-0937_F      0.17%    passed     99.92%
 257  Yale-RSV-0939_F      0.17%    passed     99.96%
 258  Yale-RSV-0940_F      0.17%    passed     97.98%
 259  Yale-RSV-0941_F      5.51%    passed     90.95%
 260  Yale-RSV-0942_F      0.17%    passed     99.98%
 261  Yale-RSV-0943_F      0.17%    passed     99.98%
 262  Yale-RSV-0945_F      0.17%    passed     99.77%
 263  Yale-RSV-0946_F      0.23%    passed     99.99%
 264  Yale-RSV-0947_F      0.23%    passed     99.91%
 265  Yale-RSV-0948_F      0.17%    passed     99.97%
 266  Yale-RSV-0949_F     14.90%    passed     96.40%
 267  Yale-RSV-0950_F      0.29%    passed     99.93%
 268  Yale-RSV-0951_F      0.17%    passed     99.89%
 269  Yale-RSV-0952_F      0.17%    passed     99.88%
 270  Yale-RSV-0953_F      0.17%    passed     99.98%
 271  Yale-RSV-0955_F      0.29%    passed     99.99%
 272  Yale-RSV-0957_F      0.17%    passed     98.94%
 273  Yale-RSV-0960_F      0.17%    passed     99.82%
 274  Yale-RSV-0961_F      0.17%    passed     97.98%
 275  Yale-RSV-0962_F      0.17%    passed     99.97%
 276  Yale-RSV-0963_F      0.17%    passed     99.97%
 277  Yale-RSV-0964_F      0.35%    passed     99.26%
 278  Yale-RSV-0965_F      0.17%    passed     99.92%
 279  Yale-RSV-0966_F      0.29%    passed     99.90%
 280  Yale-RSV-0967_F      0.35%    passed     99.42%
 281  Yale-RSV-0968_F      0.17%    passed     99.96%
 282  Yale-RSV-0969_F      0.35%    passed     99.88%
 283  Yale-RSV-0970_F      0.35%    passed     99.78%
 284  Yale-RSV-0971_F      0.29%    passed     99.88%
 285  Yale-RSV-0972_F      0.29%    passed     99.96%
 286  Yale-RSV-0973_F      0.17%    passed     99.78%
 287  Yale-RSV-0974_F      0.17%    passed     99.89%
 288  Yale-RSV-0975_F      0.29%    passed     99.90%
 289  Yale-RSV-0976_F      0.17%    passed     99.34%
 290  Yale-RSV-0977_F      0.17%    passed     99.92%
 291  Yale-RSV-0978_F      0.29%    passed     99.98%
 292  Yale-RSV-0979_F      0.46%    passed     99.95%
 293  Yale-RSV-0980_F      0.29%    passed     99.83%
 294  Yale-RSV-0981_F      0.29%    passed     99.66%
 295  Yale-RSV-0982_F      0.29%    passed     99.09%
 296  Yale-RSV-0983_F      0.35%    passed     99.88%
 297  Yale-RSV-0984_F      0.29%    passed     99.81%
 298  Yale-RSV-0987_F      0.41%    passed     99.95%
 299  Yale-RSV-0988_F      0.29%    passed     99.97%
 300  Yale-RSV-0989_F      0.35%    passed     99.63%
 301  Yale-RSV-0990_F      6.90%    passed     99.39%
 302  Yale-RSV-0991_F      0.23%    passed     99.91%
 303  Yale-RSV-0992_F      0.17%    passed     99.89%
 304  Yale-RSV-0993_F      0.23%    passed     99.81%
 305  Yale-RSV-0995_F      0.17%    passed     99.71%
 306  Yale-RSV-0996_F      0.35%    passed     98.02%
 307  Yale-RSV-0997_F      0.35%    passed     99.86%
 308  Yale-RSV-0998_F      0.17%    passed     99.93%
 309  Yale-RSV-0999_F      0.17%    passed     97.17%
 310  Yale-RSV-1000_F      0.29%    passed     99.96%
 311  Yale-RSV-1001_F      0.17%    passed     99.97%
 312  Yale-RSV-1003_F      0.17%    passed     99.98%
 313  Yale-RSV-1004_F      0.35%    passed     98.02%
 314  Yale-RSV-1005_F      0.35%    passed     98.93%
 315  Yale-RSV-1006_F      0.35%    passed     99.93%
 316  Yale-RSV-1007_F      1.80%    passed     97.17%
 317  Yale-RSV-1008_F      0.17%    passed     99.95%
 318  Yale-RSV-1009_F      0.35%    passed     99.22%
 319  Yale-RSV-1010_F      0.17%    passed     99.96%
 320  Yale-RSV-1011_F      0.46%    passed     99.18%
 321  Yale-RSV-1013_F      0.29%    passed     94.54%
 322  Yale-RSV-1015_F      0.29%    passed     99.50%
 323  Yale-RSV-1017_F      0.41%    passed     98.34%
 324  Yale-RSV-1018_F      0.17%    passed     99.42%
 325  Yale-RSV-1019_F      0.41%    passed     99.61%
 326  Yale-RSV-1020_F      0.23%    passed     96.71%
 327  Yale-RSV-1021_F      0.29%    passed     96.18%
 328  Yale-RSV-1022_F      0.29%    passed     99.99%
 329  Yale-RSV-1025_F      0.17%    passed     99.93%
 330  Yale-RSV-1026_F      0.23%    passed     98.35%
 331  Yale-RSV-1028_F      0.35%    passed     98.02%
 332  Yale-RSV-1029_F      0.17%    passed     99.62%
 333  Yale-RSV-1030_F      0.35%    passed     99.98%
 334  Yale-RSV-1031_F      0.29%    passed     99.96%
 335  Yale-RSV-1033_F      0.23%    passed     99.90%
 336  Yale-RSV-1035_F      0.35%    passed     98.93%
 337  Yale-RSV-1036_F      0.29%    passed     99.49%
 338  Yale-RSV-1037_F      0.17%    passed     95.80%
 339  Yale-RSV-1038_F      0.41%    passed     97.39%
 340  Yale-RSV-1041_F      0.23%    passed     99.92%
 341  Yale-RSV-1042_F      0.17%    passed     99.62%
 342  Yale-RSV-1044_F      0.29%    passed     99.65%
 343  Yale-RSV-1045_F      0.29%    passed    100.00%
 344  Yale-RSV-1047_F      0.35%    passed     99.95%
 345  Yale-RSV-1048_F      0.23%    passed     99.78%
 346  Yale-RSV-1049_F      0.35%    passed     99.43%
 347  Yale-RSV-1051_F      0.29%    passed     99.72%
 348  Yale-RSV-1052_F      0.17%    passed     99.99%
 349  Yale-RSV-1054_F      0.17%    passed     99.98%
 350  Yale-RSV-1055_F      0.35%    passed     97.41%
 351  Yale-RSV-1056_F      0.81%    passed     99.30%
 352  Yale-RSV-1057_F      0.17%    passed     98.94%
 353  Yale-RSV-1060_F      0.17%    passed     99.91%
 354  Yale-RSV-1062_F      0.23%    passed     99.18%
 355  Yale-RSV-1063_F      0.17%    passed     99.96%
 356  Yale-RSV-1064_F      0.23%    passed     97.88%
 357  Yale-RSV-1065_F      0.23%    passed     99.71%
 358  Yale-RSV-1066_F      0.23%    passed     98.26%
 359  Yale-RSV-1067_F      0.17%    passed     98.94%
 360  Yale-RSV-1068_F      0.17%    passed     99.81%
 361  Yale-RSV-1069_F      0.17%    passed     99.77%
 362  Yale-RSV-1071_F      0.17%    passed     98.94%
 363  Yale-RSV-1072_F      0.29%    passed     99.66%
 364  Yale-RSV-1073_F      0.23%    passed     99.71%
 365  Yale-RSV-1074_F      0.17%    passed     99.97%
 366  Yale-RSV-1076_F      0.17%    passed     98.37%
 367  Yale-RSV-1077_F      0.17%    passed     99.98%
 368  Yale-RSV-1078_F      0.17%    passed     99.93%
 369  Yale-RSV-1079_F      0.17%    passed     99.87%
 370  Yale-RSV-1080_F      0.17%    passed     99.55%
 371  Yale-RSV-1081_F      0.17%    passed     99.98%
 372  Yale-RSV-1082_F      0.29%    passed     99.93%
 373  Yale-RSV-1083_F      0.17%    passed     99.96%
 374  Yale-RSV-1086_F      0.17%    passed     99.98%
 375  Yale-RSV-1088_F      0.23%    passed     98.04%
 376  Yale-RSV-1089_F      0.17%    passed     99.98%
 377  Yale-RSV-1092_F      0.29%    passed     99.95%
 378  Yale-RSV-1093_F      0.29%    passed     98.43%
 379  Yale-RSV-1094_F      0.17%    passed     99.96%
 380  Yale-RSV-1095_F      0.17%    passed     99.93%
 381  Yale-RSV-1096_F      0.23%    passed     99.87%
 382  Yale-RSV-1097_F      0.17%    passed     98.94%
 383  Yale-RSV-1098_F      0.29%    passed     99.99%
 384  Yale-RSV-1099_F      0.23%    passed     99.48%
 385  Yale-RSV-1100_F      0.17%    passed     99.97%
 386  Yale-RSV-1101_F      0.17%    passed     99.96%
 387  Yale-RSV-1103_F      0.23%    passed     99.94%
 388  Yale-RSV-1104_F      0.17%    passed     97.98%
 389  Yale-RSV-1105_F      0.17%    passed     98.94%
 390  Yale-RSV-1106_F      0.29%    passed     99.77%
 391  Yale-RSV-1107_F      0.17%    passed     99.89%
 392  Yale-RSV-1108_F      0.17%    passed     99.83%
 393  Yale-RSV-1109_F      0.17%    passed     99.91%
 394  Yale-RSV-1112_F      0.17%    passed     99.70%
 395  Yale-RSV-1113_F      0.17%    passed     99.96%
 396  Yale-RSV-1114_F      0.23%    passed     99.83%
 397  Yale-RSV-1115_F      0.17%    passed     99.55%
 398  Yale-RSV-1116_F      0.17%    passed     97.17%
 399  Yale-RSV-1118_F      0.17%    passed     99.96%
 400  Yale-RSV-1119_F      0.17%    passed     99.81%
 401  Yale-RSV-1120_F      0.17%    passed     99.91%
 402  Yale-RSV-1121_F      0.17%    passed     99.98%
 403  Yale-RSV-1122_F      0.17%    passed     99.98%
 404  Yale-RSV-1123_F      0.17%    passed     98.94%
 405  Yale-RSV-1124_F      0.17%    passed     98.42%
 406  Yale-RSV-1125_F      0.23%    passed     99.93%
 407  Yale-RSV-1126_F      0.17%    passed     99.98%
 408  Yale-RSV-1127_F      0.23%    passed     99.92%
 409  Yale-RSV-1128_F      0.23%    passed     97.88%
 410  Yale-RSV-1130_F      0.17%    passed    100.00%
 411  Yale-RSV-1131_F      0.29%    passed     99.99%
 412  Yale-RSV-1132_F      0.17%    passed     99.71%
 413  Yale-RSV-1133_F      0.23%    passed     99.82%
 414  Yale-RSV-1134_F      0.17%    passed     99.92%
 415  Yale-RSV-1135_F      0.17%    passed     96.93%
 416  Yale-RSV-1136_F      0.17%    passed     99.54%
 417  Yale-RSV-1137_F      0.17%    passed     99.98%
 418  Yale-RSV-1138_F      0.17%    passed     99.98%
 419  Yale-RSV-1139_F      0.23%    passed     99.91%
 420  Yale-RSV-1141_F      0.17%    passed     99.54%
 421  Yale-RSV-1142_F      0.17%    passed     99.54%
 422  Yale-RSV-1143_F      0.29%    passed     99.99%
 423  Yale-RSV-1144_F      0.23%    passed     99.92%
 424  Yale-RSV-1145_F      0.17%    passed     99.97%
 425  Yale-RSV-1148_F      0.17%    passed     99.89%
 426  Yale-RSV-1150_F      0.29%    passed     99.31%
 427  Yale-RSV-1152_F      0.17%    passed     99.89%
 428  Yale-RSV-1153_F      0.35%    passed     99.87%
 429  Yale-RSV-1154_F      0.23%    passed     99.82%
 430  Yale-RSV-1156_F      0.23%    passed     99.91%
 431  Yale-RSV-1159_F      0.23%    passed     99.76%
 432  Yale-RSV-1161_F      0.29%    passed     98.06%
 433  Yale-RSV-1162_F      0.23%    passed     96.53%
 434  Yale-RSV-1164_F      0.17%    passed     99.98%
 435  Yale-RSV-1165_F      4.81%    passed     95.01%
 436  Yale-RSV-1166_F      0.17%    passed     97.17%
 437  Yale-RSV-1167_F      0.23%    passed     99.91%
 438  Yale-RSV-1169_F      0.17%    passed     99.81%
 439  Yale-RSV-1170_F      0.17%    passed     99.98%
 440  Yale-RSV-1171_F      0.23%    passed     99.97%
 441  Yale-RSV-1172_F      0.35%    passed     99.72%
 442  Yale-RSV-1173_F      0.23%    passed     99.89%
 443  Yale-RSV-1175_F      0.29%    passed     99.72%
 444  Yale-RSV-1176_F      0.17%    passed     99.96%
 445  Yale-RSV-1178_F      0.17%    passed     99.97%
 446  Yale-RSV-1180_F      0.29%    passed     99.81%
 447  Yale-RSV-1181_F      0.29%    passed     99.90%
 448  Yale-RSV-1182_F      0.29%    passed     99.81%
 449  Yale-RSV-1189_F      0.23%    passed     99.23%
 450  Yale-RSV-1190_F      0.17%    passed     99.97%
 451  Yale-RSV-1194_F      0.17%    passed     99.96%
 452  Yale-RSV-1195_F      0.35%    passed     99.74%
 453  Yale-RSV-1196_F      0.17%    passed     99.98%
 454  Yale-RSV-1197_F      0.29%    passed     99.96%
 455  Yale-RSV-1198_F      0.29%    passed     99.89%
 456  Yale-RSV-1199_F      0.35%    passed     99.66%
 457  Yale-RSV-1204_F      0.17%    passed     99.99%
 458  Yale-RSV-1205_F      0.29%    passed     99.31%
 459  Yale-RSV-1207_F      0.17%    passed     98.94%
 460  Yale-RSV-1208_F      0.35%    passed     99.42%
 461  Yale-RSV-1212_F      0.29%    passed     99.90%
 462  Yale-RSV-1213_F      0.17%    passed     99.98%
 463  Yale-RSV-1214_F      0.17%    passed     97.17%
 464  Yale-RSV-1215_F      0.17%    passed     99.98%
 465  Yale-RSV-1216_F      0.29%    passed     99.70%
 466  Yale-RSV-1219_F      0.17%    passed     99.89%
 467  Yale-RSV-1221_F      0.23%    passed     97.88%
 468  Yale-RSV-1223_F      0.17%    passed     99.91%
 469  Yale-RSV-1224_F      0.29%    passed     98.45%
 470  Yale-RSV-1225_F      0.17%    passed     99.46%
 471  Yale-RSV-1226_F      0.17%    passed     99.27%
 472  Yale-RSV-1228_F      0.17%    passed     99.96%
 473  Yale-RSV-1230_F      0.17%    passed     99.78%
 474  Yale-RSV-1232_F      0.17%    passed     99.96%
 475  Yale-RSV-1234_F      0.17%    passed     99.97%
 476  Yale-RSV-1235_F      0.17%    passed     99.97%
 477  Yale-RSV-1236_F      0.17%    passed     99.95%
 478  Yale-RSV-1238_F      0.17%    passed     99.88%
 479  Yale-RSV-1239_F      0.17%    passed     99.96%
 480  Yale-RSV-1241_F      0.17%    passed     97.17%
 481  Yale-RSV-1242_F     14.43%    passed     88.44%
 482  Yale-RV-00002_F      0.17%    passed     99.77%
 483  Yale-RV-00003_F      0.17%    passed     99.96%
 484  Yale-RV-00004_F      0.35%    passed     98.93%
 485  Yale-RV-00005_F      0.35%    passed     98.02%
 486  Yale-RV-00006_F      0.41%    passed     99.68%
 487  Yale-RV-00007_F      0.17%    passed     99.96%
 488  Yale-RV-00008_F      0.23%    passed     99.97%
 489  Yale-RV-00009_F      0.17%    passed     99.77%
 490  Yale-RV-00011_F      0.23%    passed     99.90%
 491  Yale-RV-00013_F      0.17%    passed     99.98%
 492  Yale-RV-00014_F      0.17%    passed     99.96%
 493  Yale-RV-00016_F      0.17%    passed     99.55%
 494  Yale-RV-00019_F      0.17%    passed     99.97%
 495  Yale-RV-00021_F      0.17%    passed     99.98%
 496  Yale-RV-00022_F      0.17%    passed     99.98%
 497  Yale-RV-00024_F      0.35%    passed     99.42%
 498  Yale-RV-00026_F      0.17%    passed     99.77%
 499  Yale-RV-00027_F      0.17%    passed     99.98%
 500  Yale-RV-00028_F      0.29%    passed     99.92%
 501  Yale-RV-00029_F      0.17%    passed     99.91%
 502  Yale-RV-00031_F      0.17%    passed     99.38%
 503  Yale-RV-00032_F      0.17%    passed     99.43%
 504  Yale-RV-00033_F      0.17%    passed     99.77%
 505  Yale-RV-00035_F      0.29%    passed     99.31%
 506  Yale-RV-00038_F      0.17%    passed     99.81%
 507  Yale-RV-00039_F      0.17%    passed     99.96%
 508  Yale-RV-00041_F      0.17%    passed     99.66%
 509  Yale-RV-00042_F      0.41%    passed     97.39%
 510  Yale-RV-00043_F      0.17%    passed     98.94%
 511  Yale-RV-00044_F      0.29%    passed     99.50%
 512  Yale-RV-00045_F      0.17%    passed     99.98%
 513  Yale-RV-00046_F      0.17%    passed     99.85%
 514  Yale-RV-00047_F      0.17%    passed     99.89%
 515  Yale-RV-00048_F      0.41%    passed     99.88%
 516  Yale-RV-00049_F      0.17%    passed     99.14%
 517  Yale-RV-00051_F      0.17%    passed     99.97%
 518  Yale-RV-00052_F      0.17%    passed     99.98%
 519  Yale-RV-00054_F      0.17%    passed     99.99%
 520  Yale-RV-00055_F      0.35%    passed     98.02%
 521  Yale-RV-00057_F      0.17%    passed     98.94%
 522  Yale-RV-00058_F      0.35%    passed     98.02%
 523  Yale-RV-00059_F      0.64%    passed     98.35%
 524  Yale-RV-00060_F      0.17%    passed     99.98%
 525  Yale-RV-00061_F      0.23%    passed     99.92%
 526  Yale-RV-00062_F      0.17%    passed     99.98%
 527  Yale-RV-00064_F      0.35%    passed     96.97%
 528  Yale-RV-00065_F      0.17%    passed     99.77%
 529  Yale-RV-00066_F      0.17%    passed     95.80%
 530  Yale-RV-00067_F      0.17%    passed     99.99%
 531  Yale-RV-00068_F      0.17%    passed     99.98%
 532  Yale-RV-00070_F      0.17%    passed     99.62%
 533  Yale-RV-00071_F      0.17%    passed     99.98%
 534  Yale-RV-00072_F      0.17%    passed     97.17%
 535  Yale-RV-00074_F      0.17%    passed     95.80%
 536  Yale-RV-00075_F      7.07%    passed     94.97%
 537  Yale-RV-00076_F      1.04%    passed     98.11%
 538  Yale-RV-00078_F      0.23%    passed     99.12%
 539  Yale-RV-00079_F      0.17%    passed     98.94%
 540  Yale-RV-00080_F      0.17%    passed     98.94%
 541  Yale-RV-00081_F      0.23%    passed     99.91%
 542  Yale-RV-00082_F      0.17%    passed     97.98%
 543  Yale-RV-00083_F      0.17%    passed     99.98%
 544  Yale-RV-00084_F      0.17%    passed     99.43%
 545  Yale-RV-00086_F      0.17%    passed     99.70%
 546  Yale-RV-00087_F      0.41%    passed     99.73%
 547  Yale-RV-00088_F      0.23%    passed     99.91%
 548  Yale-RV-00090_F      0.23%    passed     99.98%
****  TOTAL                0.49%  0 sequences failed composition chi2 test (p-value<5%; df=3)
NOTE: Yale-RSV-0043-1_F is identical to Yale-RSV-0001-1_F but kept for subsequent analysis
NOTE: Yale-RSV-0055-1_F is identical to Yale-RSV-0030-1_F but kept for subsequent analysis
NOTE: Yale-RSV-0075-1_F is identical to Yale-RSV-0061-1_F but kept for subsequent analysis
NOTE: Yale-RSV-0469-1_F is identical to Yale-RSV-0097-1_F but kept for subsequent analysis
NOTE: Yale-RSV-0492-1_F is identical to Yale-RSV-0140-1_F but kept for subsequent analysis
NOTE: Yale-RSV-0491-1_F is identical to Yale-RSV-0208-1_F but kept for subsequent analysis
NOTE: Yale-RSV-0486-1_F is identical to Yale-RSV-0262-1_F but kept for subsequent analysis
NOTE: Yale-RSV-0559-1_F is identical to Yale-RSV-0484-1_F but kept for subsequent analysis
NOTE: Yale-RSV-0701_F is identical to Yale-RSV-0498-1_F but kept for subsequent analysis
NOTE: Yale-RSV-0875_F is identical to Yale-RSV-0688_F but kept for subsequent analysis
NOTE: Yale-RSV-0879_F is identical to Yale-RSV-0690_F but kept for subsequent analysis
NOTE: Yale-RSV-0698_F is identical to Yale-RSV-0697_F but kept for subsequent analysis
NOTE: Yale-RSV-1064_F is identical to Yale-RSV-0706_F but kept for subsequent analysis
NOTE: Yale-RSV-0746_F is identical to Yale-RSV-0714_F but kept for subsequent analysis
NOTE: Yale-RV-00078_F is identical to Yale-RSV-0721_F but kept for subsequent analysis
NOTE: Yale-RSV-0743_F is identical to Yale-RSV-0729_F but kept for subsequent analysis
NOTE: Yale-RSV-0752_F is identical to Yale-RSV-0735_F but kept for subsequent analysis
NOTE: Yale-RSV-0788_F is identical to Yale-RSV-0744_F but kept for subsequent analysis
NOTE: Yale-RSV-0762_F is identical to Yale-RSV-0753_F but kept for subsequent analysis
NOTE: Yale-RSV-0787_F is identical to Yale-RSV-0755_F but kept for subsequent analysis
NOTE: Yale-RSV-1047_F is identical to Yale-RSV-0759_F but kept for subsequent analysis
NOTE: Yale-RSV-0789_F is identical to Yale-RSV-0768_F but kept for subsequent analysis
NOTE: Yale-RSV-1007_F is identical to Yale-RSV-0774_F but kept for subsequent analysis
NOTE: Yale-RV-00028_F is identical to Yale-RSV-0777_F but kept for subsequent analysis
NOTE: Yale-RSV-0896_F is identical to Yale-RSV-0778_F but kept for subsequent analysis
NOTE: Yale-RSV-0824_F is identical to Yale-RSV-0804_F but kept for subsequent analysis
NOTE: Yale-RSV-0832_F is identical to Yale-RSV-0806_F but kept for subsequent analysis
NOTE: Yale-RSV-1148_F is identical to Yale-RSV-0811_F but kept for subsequent analysis
NOTE: Yale-RSV-0915_F is identical to Yale-RSV-0814_F but kept for subsequent analysis
NOTE: Yale-RSV-0874_F is identical to Yale-RSV-0816_F but kept for subsequent analysis
NOTE: Yale-RSV-1029_F is identical to Yale-RSV-0825_F but kept for subsequent analysis
NOTE: Yale-RSV-0996_F is identical to Yale-RSV-0834_F but kept for subsequent analysis
NOTE: Yale-RSV-0897_F is identical to Yale-RSV-0840_F but kept for subsequent analysis
NOTE: Yale-RSV-0904_F is identical to Yale-RSV-0845_F but kept for subsequent analysis
NOTE: Yale-RSV-1077_F is identical to Yale-RSV-0871_F but kept for subsequent analysis
NOTE: Yale-RSV-0892_F is identical to Yale-RSV-0882_F but kept for subsequent analysis
NOTE: Yale-RSV-0933_F is identical to Yale-RSV-0886_F but kept for subsequent analysis
NOTE: Yale-RSV-0998_F is identical to Yale-RSV-0887_F but kept for subsequent analysis
NOTE: Yale-RSV-1033_F is identical to Yale-RSV-0891_F but kept for subsequent analysis
NOTE: Yale-RSV-1161_F is identical to Yale-RSV-0899_F but kept for subsequent analysis
NOTE: Yale-RV-00032_F is identical to Yale-RSV-0905_F but kept for subsequent analysis
NOTE: Yale-RSV-0926_F is identical to Yale-RSV-0910_F but kept for subsequent analysis
NOTE: Yale-RSV-0976_F is identical to Yale-RSV-0935_F but kept for subsequent analysis
NOTE: Yale-RSV-0963_F is identical to Yale-RSV-0948_F but kept for subsequent analysis
NOTE: Yale-RSV-1131_F is identical to Yale-RSV-0955_F but kept for subsequent analysis
NOTE: Yale-RSV-0975_F is identical to Yale-RSV-0966_F but kept for subsequent analysis
NOTE: Yale-RSV-1208_F is identical to Yale-RSV-0967_F but kept for subsequent analysis
NOTE: Yale-RSV-1031_F is identical to Yale-RSV-0972_F but kept for subsequent analysis
NOTE: Yale-RSV-1152_F is identical to Yale-RSV-0992_F but kept for subsequent analysis
NOTE: Yale-RSV-1132_F is identical to Yale-RSV-0995_F but kept for subsequent analysis
NOTE: Yale-RV-00044_F is identical to Yale-RSV-1015_F but kept for subsequent analysis
NOTE: Yale-RV-00004_F is identical to Yale-RSV-1035_F but kept for subsequent analysis
NOTE: Yale-RV-00074_F is identical to Yale-RSV-1037_F but kept for subsequent analysis
NOTE: Yale-RV-00042_F is identical to Yale-RSV-1038_F but kept for subsequent analysis
NOTE: Yale-RSV-1073_F is identical to Yale-RSV-1065_F but kept for subsequent analysis
NOTE: Yale-RSV-1119_F is identical to Yale-RSV-1068_F but kept for subsequent analysis
NOTE: Yale-RV-00086_F is identical to Yale-RSV-1112_F but kept for subsequent analysis
NOTE: Yale-RSV-1141_F is identical to Yale-RSV-1136_F but kept for subsequent analysis
NOTE: Yale-RSV-1205_F is identical to Yale-RSV-1150_F but kept for subsequent analysis
NOTE: Yale-RSV-1196_F is identical to Yale-RSV-1164_F but kept for subsequent analysis
NOTE: Yale-RSV-1235_F is identical to Yale-RSV-1234_F but kept for subsequent analysis
Checking for duplicate sequences: done in 0.00144291 secs using 88.85% CPU
Identifying sites to remove: done in 0.00205302 secs using 95.37% CPU
NOTE: 182 identical sequences (see below) will be ignored for subsequent analysis
NOTE: Yale-RSV-0076-1_F (identical to Yale-RSV-0061-1_F) is ignored but added at the end
NOTE: Yale-RSV-0517-1_F (identical to Yale-RSV-0208-1_F) is ignored but added at the end
NOTE: Yale-RSV-0702_F (identical to Yale-RSV-0498-1_F) is ignored but added at the end
NOTE: Yale-RSV-0960_F (identical to Yale-RSV-0688_F) is ignored but added at the end
NOTE: Yale-RSV-0943_F (identical to Yale-RSV-0690_F) is ignored but added at the end
NOTE: Yale-RV-00083_F (identical to Yale-RSV-0690_F) is ignored but added at the end
NOTE: Yale-RSV-0712_F (identical to Yale-RSV-0697_F) is ignored but added at the end
NOTE: Yale-RSV-0715_F (identical to Yale-RSV-0697_F) is ignored but added at the end
NOTE: Yale-RSV-0723_F (identical to Yale-RSV-0697_F) is ignored but added at the end
NOTE: Yale-RSV-0780_F (identical to Yale-RSV-0697_F) is ignored but added at the end
NOTE: Yale-RSV-0810_F (identical to Yale-RSV-0697_F) is ignored but added at the end
NOTE: Yale-RSV-0813_F (identical to Yale-RSV-0697_F) is ignored but added at the end
NOTE: Yale-RSV-0831_F (identical to Yale-RSV-0697_F) is ignored but added at the end
NOTE: Yale-RSV-0836_F (identical to Yale-RSV-0697_F) is ignored but added at the end
NOTE: Yale-RSV-0851_F (identical to Yale-RSV-0697_F) is ignored but added at the end
NOTE: Yale-RSV-0853_F (identical to Yale-RSV-0697_F) is ignored but added at the end
NOTE: Yale-RSV-0857_F (identical to Yale-RSV-0697_F) is ignored but added at the end
NOTE: Yale-RSV-0864_F (identical to Yale-RSV-0697_F) is ignored but added at the end
NOTE: Yale-RSV-0866_F (identical to Yale-RSV-0697_F) is ignored but added at the end
NOTE: Yale-RSV-0884_F (identical to Yale-RSV-0697_F) is ignored but added at the end
NOTE: Yale-RSV-0893_F (identical to Yale-RSV-0697_F) is ignored but added at the end
NOTE: Yale-RSV-0898_F (identical to Yale-RSV-0697_F) is ignored but added at the end
NOTE: Yale-RSV-0903_F (identical to Yale-RSV-0697_F) is ignored but added at the end
NOTE: Yale-RSV-0931_F (identical to Yale-RSV-0697_F) is ignored but added at the end
NOTE: Yale-RSV-0945_F (identical to Yale-RSV-0697_F) is ignored but added at the end
NOTE: Yale-RSV-1069_F (identical to Yale-RSV-0697_F) is ignored but added at the end
NOTE: Yale-RV-00002_F (identical to Yale-RSV-0697_F) is ignored but added at the end
NOTE: Yale-RV-00009_F (identical to Yale-RSV-0697_F) is ignored but added at the end
NOTE: Yale-RV-00026_F (identical to Yale-RSV-0697_F) is ignored but added at the end
NOTE: Yale-RV-00033_F (identical to Yale-RSV-0697_F) is ignored but added at the end
NOTE: Yale-RV-00065_F (identical to Yale-RSV-0697_F) is ignored but added at the end
NOTE: Yale-RSV-1128_F (identical to Yale-RSV-0706_F) is ignored but added at the end
NOTE: Yale-RSV-0772_F (identical to Yale-RSV-0714_F) is ignored but added at the end
NOTE: Yale-RSV-0793_F (identical to Yale-RSV-0714_F) is ignored but added at the end
NOTE: Yale-RSV-0833_F (identical to Yale-RSV-0714_F) is ignored but added at the end
NOTE: Yale-RSV-0936_F (identical to Yale-RSV-0714_F) is ignored but added at the end
NOTE: Yale-RSV-0940_F (identical to Yale-RSV-0714_F) is ignored but added at the end
NOTE: Yale-RSV-0961_F (identical to Yale-RSV-0714_F) is ignored but added at the end
NOTE: Yale-RSV-1104_F (identical to Yale-RSV-0714_F) is ignored but added at the end
NOTE: Yale-RV-00082_F (identical to Yale-RSV-0714_F) is ignored but added at the end
NOTE: Yale-RSV-0764_F (identical to Yale-RSV-0729_F) is ignored but added at the end
NOTE: Yale-RSV-0796_F (identical to Yale-RSV-0729_F) is ignored but added at the end
NOTE: Yale-RSV-0797_F (identical to Yale-RSV-0729_F) is ignored but added at the end
NOTE: Yale-RSV-0818_F (identical to Yale-RSV-0729_F) is ignored but added at the end
NOTE: Yale-RSV-0819_F (identical to Yale-RSV-0729_F) is ignored but added at the end
NOTE: Yale-RSV-0835_F (identical to Yale-RSV-0729_F) is ignored but added at the end
NOTE: Yale-RSV-0839_F (identical to Yale-RSV-0729_F) is ignored but added at the end
NOTE: Yale-RSV-0847_F (identical to Yale-RSV-0729_F) is ignored but added at the end
NOTE: Yale-RSV-0858_F (identical to Yale-RSV-0729_F) is ignored but added at the end
NOTE: Yale-RSV-0863_F (identical to Yale-RSV-0729_F) is ignored but added at the end
NOTE: Yale-RSV-0881_F (identical to Yale-RSV-0729_F) is ignored but added at the end
NOTE: Yale-RSV-0922_F (identical to Yale-RSV-0729_F) is ignored but added at the end
NOTE: Yale-RSV-0937_F (identical to Yale-RSV-0729_F) is ignored but added at the end
NOTE: Yale-RSV-0965_F (identical to Yale-RSV-0729_F) is ignored but added at the end
NOTE: Yale-RSV-0758_F (identical to Yale-RSV-0735_F) is ignored but added at the end
NOTE: Yale-RSV-0761_F (identical to Yale-RSV-0735_F) is ignored but added at the end
NOTE: Yale-RSV-0766_F (identical to Yale-RSV-0735_F) is ignored but added at the end
NOTE: Yale-RSV-0794_F (identical to Yale-RSV-0735_F) is ignored but added at the end
NOTE: Yale-RSV-0830_F (identical to Yale-RSV-0735_F) is ignored but added at the end
NOTE: Yale-RSV-0841_F (identical to Yale-RSV-0735_F) is ignored but added at the end
NOTE: Yale-RSV-0843_F (identical to Yale-RSV-0735_F) is ignored but added at the end
NOTE: Yale-RSV-0844_F (identical to Yale-RSV-0735_F) is ignored but added at the end
NOTE: Yale-RSV-0855_F (identical to Yale-RSV-0735_F) is ignored but added at the end
NOTE: Yale-RSV-0934_F (identical to Yale-RSV-0735_F) is ignored but added at the end
NOTE: Yale-RSV-1144_F (identical to Yale-RSV-0735_F) is ignored but added at the end
NOTE: Yale-RV-00061_F (identical to Yale-RSV-0735_F) is ignored but added at the end
NOTE: Yale-RSV-0829_F (identical to Yale-RSV-0753_F) is ignored but added at the end
NOTE: Yale-RSV-0867_F (identical to Yale-RSV-0753_F) is ignored but added at the end
NOTE: Yale-RV-00049_F (identical to Yale-RSV-0753_F) is ignored but added at the end
NOTE: Yale-RSV-0828_F (identical to Yale-RSV-0755_F) is ignored but added at the end
NOTE: Yale-RSV-0890_F (identical to Yale-RSV-0755_F) is ignored but added at the end
NOTE: Yale-RSV-1135_F (identical to Yale-RSV-0755_F) is ignored but added at the end
NOTE: Yale-RSV-0790_F (identical to Yale-RSV-0768_F) is ignored but added at the end
NOTE: Yale-RSV-0798_F (identical to Yale-RSV-0768_F) is ignored but added at the end
NOTE: Yale-RSV-0807_F (identical to Yale-RSV-0768_F) is ignored but added at the end
NOTE: Yale-RSV-0849_F (identical to Yale-RSV-0768_F) is ignored but added at the end
NOTE: Yale-RSV-0861_F (identical to Yale-RSV-0768_F) is ignored but added at the end
NOTE: Yale-RSV-0870_F (identical to Yale-RSV-0768_F) is ignored but added at the end
NOTE: Yale-RSV-0872_F (identical to Yale-RSV-0768_F) is ignored but added at the end
NOTE: Yale-RSV-0873_F (identical to Yale-RSV-0768_F) is ignored but added at the end
NOTE: Yale-RSV-0900_F (identical to Yale-RSV-0768_F) is ignored but added at the end
NOTE: Yale-RSV-0902_F (identical to Yale-RSV-0768_F) is ignored but added at the end
NOTE: Yale-RSV-0927_F (identical to Yale-RSV-0768_F) is ignored but added at the end
NOTE: Yale-RSV-0930_F (identical to Yale-RSV-0768_F) is ignored but added at the end
NOTE: Yale-RSV-0942_F (identical to Yale-RSV-0768_F) is ignored but added at the end
NOTE: Yale-RSV-0953_F (identical to Yale-RSV-0768_F) is ignored but added at the end
NOTE: Yale-RSV-1003_F (identical to Yale-RSV-0768_F) is ignored but added at the end
NOTE: Yale-RSV-1054_F (identical to Yale-RSV-0768_F) is ignored but added at the end
NOTE: Yale-RSV-1081_F (identical to Yale-RSV-0768_F) is ignored but added at the end
NOTE: Yale-RSV-1086_F (identical to Yale-RSV-0768_F) is ignored but added at the end
NOTE: Yale-RSV-1089_F (identical to Yale-RSV-0768_F) is ignored but added at the end
NOTE: Yale-RSV-1121_F (identical to Yale-RSV-0768_F) is ignored but added at the end
NOTE: Yale-RSV-1126_F (identical to Yale-RSV-0768_F) is ignored but added at the end
NOTE: Yale-RSV-1137_F (identical to Yale-RSV-0768_F) is ignored but added at the end
NOTE: Yale-RSV-1138_F (identical to Yale-RSV-0768_F) is ignored but added at the end
NOTE: Yale-RSV-1170_F (identical to Yale-RSV-0768_F) is ignored but added at the end
NOTE: Yale-RSV-1213_F (identical to Yale-RSV-0768_F) is ignored but added at the end
NOTE: Yale-RSV-1215_F (identical to Yale-RSV-0768_F) is ignored but added at the end
NOTE: Yale-RV-00022_F (identical to Yale-RSV-0768_F) is ignored but added at the end
NOTE: Yale-RV-00052_F (identical to Yale-RSV-0768_F) is ignored but added at the end
NOTE: Yale-RV-00062_F (identical to Yale-RSV-0768_F) is ignored but added at the end
NOTE: Yale-RV-00068_F (identical to Yale-RSV-0768_F) is ignored but added at the end
NOTE: Yale-RV-00071_F (identical to Yale-RSV-0768_F) is ignored but added at the end
NOTE: Yale-RSV-1060_F (identical to Yale-RSV-0778_F) is ignored but added at the end
NOTE: Yale-RSV-1109_F (identical to Yale-RSV-0778_F) is ignored but added at the end
NOTE: Yale-RSV-1120_F (identical to Yale-RSV-0778_F) is ignored but added at the end
NOTE: Yale-RSV-1223_F (identical to Yale-RSV-0778_F) is ignored but added at the end
NOTE: Yale-RV-00029_F (identical to Yale-RSV-0778_F) is ignored but added at the end
NOTE: Yale-RSV-0921_F (identical to Yale-RSV-0804_F) is ignored but added at the end
NOTE: Yale-RV-00041_F (identical to Yale-RSV-0804_F) is ignored but added at the end
NOTE: Yale-RSV-0906_F (identical to Yale-RSV-0806_F) is ignored but added at the end
NOTE: Yale-RSV-0939_F (identical to Yale-RSV-0806_F) is ignored but added at the end
NOTE: Yale-RSV-0968_F (identical to Yale-RSV-0806_F) is ignored but added at the end
NOTE: Yale-RSV-1063_F (identical to Yale-RSV-0806_F) is ignored but added at the end
NOTE: Yale-RSV-1083_F (identical to Yale-RSV-0806_F) is ignored but added at the end
NOTE: Yale-RSV-1094_F (identical to Yale-RSV-0806_F) is ignored but added at the end
NOTE: Yale-RSV-1101_F (identical to Yale-RSV-0806_F) is ignored but added at the end
NOTE: Yale-RSV-1113_F (identical to Yale-RSV-0806_F) is ignored but added at the end
NOTE: Yale-RSV-1118_F (identical to Yale-RSV-0806_F) is ignored but added at the end
NOTE: Yale-RSV-1194_F (identical to Yale-RSV-0806_F) is ignored but added at the end
NOTE: Yale-RSV-1228_F (identical to Yale-RSV-0806_F) is ignored but added at the end
NOTE: Yale-RSV-1232_F (identical to Yale-RSV-0806_F) is ignored but added at the end
NOTE: Yale-RSV-1239_F (identical to Yale-RSV-0806_F) is ignored but added at the end
NOTE: Yale-RV-00003_F (identical to Yale-RSV-0806_F) is ignored but added at the end
NOTE: Yale-RV-00007_F (identical to Yale-RSV-0806_F) is ignored but added at the end
NOTE: Yale-RV-00014_F (identical to Yale-RSV-0806_F) is ignored but added at the end
NOTE: Yale-RV-00039_F (identical to Yale-RSV-0806_F) is ignored but added at the end
NOTE: Yale-RSV-0947_F (identical to Yale-RSV-0814_F) is ignored but added at the end
NOTE: Yale-RSV-1156_F (identical to Yale-RSV-0814_F) is ignored but added at the end
NOTE: Yale-RV-00081_F (identical to Yale-RSV-0814_F) is ignored but added at the end
NOTE: Yale-RV-00088_F (identical to Yale-RSV-0814_F) is ignored but added at the end
NOTE: Yale-RSV-0876_F (identical to Yale-RSV-0816_F) is ignored but added at the end
NOTE: Yale-RSV-0907_F (identical to Yale-RSV-0816_F) is ignored but added at the end
NOTE: Yale-RSV-0928_F (identical to Yale-RSV-0816_F) is ignored but added at the end
NOTE: Yale-RSV-0929_F (identical to Yale-RSV-0816_F) is ignored but added at the end
NOTE: Yale-RSV-0999_F (identical to Yale-RSV-0816_F) is ignored but added at the end
NOTE: Yale-RSV-1116_F (identical to Yale-RSV-0816_F) is ignored but added at the end
NOTE: Yale-RSV-1166_F (identical to Yale-RSV-0816_F) is ignored but added at the end
NOTE: Yale-RSV-1214_F (identical to Yale-RSV-0816_F) is ignored but added at the end
NOTE: Yale-RSV-1241_F (identical to Yale-RSV-0816_F) is ignored but added at the end
NOTE: Yale-RV-00072_F (identical to Yale-RSV-0816_F) is ignored but added at the end
NOTE: Yale-RSV-1004_F (identical to Yale-RSV-0834_F) is ignored but added at the end
NOTE: Yale-RSV-1028_F (identical to Yale-RSV-0834_F) is ignored but added at the end
NOTE: Yale-RV-00005_F (identical to Yale-RSV-0834_F) is ignored but added at the end
NOTE: Yale-RV-00055_F (identical to Yale-RSV-0834_F) is ignored but added at the end
NOTE: Yale-RV-00058_F (identical to Yale-RSV-0834_F) is ignored but added at the end
NOTE: Yale-RSV-0901_F (identical to Yale-RSV-0840_F) is ignored but added at the end
NOTE: Yale-RSV-1204_F (identical to Yale-RSV-0840_F) is ignored but added at the end
NOTE: Yale-RV-00067_F (identical to Yale-RSV-0840_F) is ignored but added at the end
NOTE: Yale-RSV-1122_F (identical to Yale-RSV-0871_F) is ignored but added at the end
NOTE: Yale-RV-00013_F (identical to Yale-RSV-0871_F) is ignored but added at the end
NOTE: Yale-RV-00027_F (identical to Yale-RSV-0871_F) is ignored but added at the end
NOTE: Yale-RSV-0932_F (identical to Yale-RSV-0882_F) is ignored but added at the end
NOTE: Yale-RSV-0957_F (identical to Yale-RSV-0882_F) is ignored but added at the end
NOTE: Yale-RSV-1057_F (identical to Yale-RSV-0882_F) is ignored but added at the end
NOTE: Yale-RSV-1067_F (identical to Yale-RSV-0882_F) is ignored but added at the end
NOTE: Yale-RSV-1071_F (identical to Yale-RSV-0882_F) is ignored but added at the end
NOTE: Yale-RSV-1097_F (identical to Yale-RSV-0882_F) is ignored but added at the end
NOTE: Yale-RSV-1105_F (identical to Yale-RSV-0882_F) is ignored but added at the end
NOTE: Yale-RSV-1123_F (identical to Yale-RSV-0882_F) is ignored but added at the end
NOTE: Yale-RSV-1207_F (identical to Yale-RSV-0882_F) is ignored but added at the end
NOTE: Yale-RV-00043_F (identical to Yale-RSV-0882_F) is ignored but added at the end
NOTE: Yale-RV-00057_F (identical to Yale-RSV-0882_F) is ignored but added at the end
NOTE: Yale-RV-00079_F (identical to Yale-RSV-0882_F) is ignored but added at the end
NOTE: Yale-RV-00080_F (identical to Yale-RSV-0882_F) is ignored but added at the end
NOTE: Yale-RSV-1080_F (identical to Yale-RSV-0886_F) is ignored but added at the end
NOTE: Yale-RSV-1115_F (identical to Yale-RSV-0886_F) is ignored but added at the end
NOTE: Yale-RV-00016_F (identical to Yale-RSV-0886_F) is ignored but added at the end
NOTE: Yale-RSV-1025_F (identical to Yale-RSV-0887_F) is ignored but added at the end
NOTE: Yale-RSV-1078_F (identical to Yale-RSV-0887_F) is ignored but added at the end
NOTE: Yale-RSV-1095_F (identical to Yale-RSV-0887_F) is ignored but added at the end
NOTE: Yale-RV-00011_F (identical to Yale-RSV-0891_F) is ignored but added at the end
NOTE: Yale-RV-00084_F (identical to Yale-RSV-0905_F) is ignored but added at the end
NOTE: Yale-RSV-1042_F (identical to Yale-RSV-0910_F) is ignored but added at the end
NOTE: Yale-RV-00070_F (identical to Yale-RSV-0910_F) is ignored but added at the end
NOTE: Yale-RSV-1100_F (identical to Yale-RSV-0948_F) is ignored but added at the end
NOTE: Yale-RSV-1181_F (identical to Yale-RSV-0966_F) is ignored but added at the end
NOTE: Yale-RV-00024_F (identical to Yale-RSV-0967_F) is ignored but added at the end
NOTE: Yale-RSV-1197_F (identical to Yale-RSV-0972_F) is ignored but added at the end
NOTE: Yale-RV-00047_F (identical to Yale-RSV-0992_F) is ignored but added at the end
NOTE: Yale-RV-00038_F (identical to Yale-RSV-1068_F) is ignored but added at the end
NOTE: Yale-RSV-1142_F (identical to Yale-RSV-1136_F) is ignored but added at the end
Alignment was printed to iqtree/F_sequences.uniqueseq.phy

For your convenience alignment with unique sequences printed to iqtree/F_sequences.uniqueseq.phy

Create initial parsimony tree by phylogenetic likelihood library (PLL)... 0.020 seconds
Generating 1000 samples for ultrafast bootstrap (seed: 852917)...

NOTE: 25 MB RAM (0 GB) is required!
Measuring multi-threading efficiency up to 8 CPU cores
Increase to 10 rounds for branch lengths
38 trees examined
Threads: 1 / Time: 8.026 sec / Speedup: 1.000 / Efficiency: 100% / LogL: -27583
Threads: 2 / Time: 10.114 sec / Speedup: 0.794 / Efficiency: 40% / LogL: -27583
Determining AUTO threadcount: done in 18.142 secs using 106.3% CPU
BEST NUMBER OF THREADS: 1

Estimate model parameters (epsilon = 0.100)
1. Initial log-likelihood: -7483.836
2. Current log-likelihood: -7072.265
3. Current log-likelihood: -7048.736
4. Current log-likelihood: -7005.291
5. Current log-likelihood: -7004.960
6. Current log-likelihood: -7004.805
Optimal log-likelihood: -7004.792
Rate parameters:  A-C: 1.69087  A-G: 9.87643  A-T: 1.63524  C-G: 0.00010  C-T: 20.21216  G-T: 1.00000
Warning! Some parameters hit the boundaries
Base frequencies:  A: 0.375  C: 0.177  G: 0.175  T: 0.273
Gamma shape alpha: 0.282
Parameters optimization took 6 rounds (1.707 sec)
Wrote distance file to... 
Computing ML distances based on estimated model parameters...
Calculating distance matrix: done in 0.310583 secs using 99.61% CPU
Computing ML distances took 0.311322 sec (of wall-clock time) 0.309802 sec (of CPU time)
Setting up auxiliary I and S matrices: done in 0.00182986 secs using 188.9% CPU
Constructing RapidNJ tree: done in 0.00515509 secs using 188.4% CPU
Computing RapidNJ tree took 0.007265 sec (of wall-clock time) 0.013369 sec (of CPU time)
Log-likelihood of RapidNJ tree: -7095.637
--------------------------------------------------------------------
|             INITIALIZING CANDIDATE TREE SET                      |
--------------------------------------------------------------------
Generating 98 parsimony trees... 2.300 second
Computing log-likelihood of 98 initial trees ... 2.575 seconds
Current best score: -6978.677

Do NNI search on 20 best initial trees
Optimizing NNI: done in 1.41537 secs using 96.37% CPU
Estimate model parameters (epsilon = 0.100)
BETTER TREE FOUND at iteration 1: -6974.867
Optimizing NNI: done in 1.73269 secs using 96.38% CPU
Optimizing NNI: done in 1.98229 secs using 98.73% CPU
Optimizing NNI: done in 0.608316 secs using 99.51% CPU
Optimizing NNI: done in 0.925133 secs using 99.63% CPU
Optimizing NNI: done in 2.29399 secs using 99.76% CPU
Optimizing NNI: done in 1.8451 secs using 94.29% CPU
Optimizing NNI: done in 2.31389 secs using 69.98% CPU
Optimizing NNI: done in 1.89458 secs using 87.52% CPU
Optimizing NNI: done in 1.90362 secs using 97.19% CPU
Iteration 10 / LogL: -6984.683 / Time: 0h:0m:42s
Optimizing NNI: done in 1.63391 secs using 99.14% CPU
Optimizing NNI: done in 1.51462 secs using 99.5% CPU
Optimizing NNI: done in 1.68486 secs using 99.55% CPU
Optimizing NNI: done in 1.44783 secs using 99.36% CPU
Optimizing NNI: done in 1.98116 secs using 93.74% CPU
Optimizing NNI: done in 1.65635 secs using 99.68% CPU
Optimizing NNI: done in 1.9503 secs using 98.55% CPU
Optimizing NNI: done in 0.614433 secs using 99.73% CPU
Optimizing NNI: done in 1.25248 secs using 99.39% CPU
Optimizing NNI: done in 1.37475 secs using 99.73% CPU
Iteration 20 / LogL: -6994.877 / Time: 0h:0m:57s
Finish initializing candidate tree set (20)
Current best tree score: -6974.867 / CPU time: 37.244
Number of iterations: 20
--------------------------------------------------------------------
|               OPTIMIZING CANDIDATE TREE SET                      |
--------------------------------------------------------------------
Optimizing NNI: done in 1.04619 secs using 99.75% CPU
Optimizing NNI: done in 0.614026 secs using 99.35% CPU
Estimate model parameters (epsilon = 0.100)
BETTER TREE FOUND at iteration 22: -6974.473
Optimizing NNI: done in 1.29381 secs using 99.76% CPU
Optimizing NNI: done in 1.35784 secs using 99.75% CPU
Optimizing NNI: done in 1.25917 secs using 98.29% CPU
Optimizing NNI: done in 0.793381 secs using 99.65% CPU
Optimizing NNI: done in 1.25078 secs using 99.12% CPU
Optimizing NNI: done in 1.3236 secs using 99.22% CPU
Optimizing NNI: done in 1.71433 secs using 92.64% CPU
Optimizing NNI: done in 1.20393 secs using 99.16% CPU
Iteration 30 / LogL: -6974.995 / Time: 0h:1m:10s (0h:3m:41s left)
Optimizing NNI: done in 1.23209 secs using 99.79% CPU
Optimizing NNI: done in 1.49057 secs using 97.45% CPU
Estimate model parameters (epsilon = 0.100)
BETTER TREE FOUND at iteration 32: -6971.438
Optimizing NNI: done in 0.980477 secs using 99.64% CPU
Optimizing NNI: done in 0.876563 secs using 99.64% CPU
Optimizing NNI: done in 1.03749 secs using 99.72% CPU
Optimizing NNI: done in 1.29534 secs using 99.72% CPU
Estimate model parameters (epsilon = 0.100)
BETTER TREE FOUND at iteration 36: -6969.704
Optimizing NNI: done in 1.55052 secs using 80.72% CPU
Optimizing NNI: done in 1.18591 secs using 94.73% CPU
Optimizing NNI: done in 1.086 secs using 98.1% CPU
Optimizing NNI: done in 1.1995 secs using 98.16% CPU
Iteration 40 / LogL: -6974.619 / Time: 0h:1m:22s (0h:3m:23s left)
Optimizing NNI: done in 1.46199 secs using 98.74% CPU
Optimizing NNI: done in 1.34795 secs using 84.98% CPU
Optimizing NNI: done in 1.65403 secs using 87.99% CPU
Optimizing NNI: done in 1.33909 secs using 98.78% CPU
Optimizing NNI: done in 1.58193 secs using 94.33% CPU
BETTER TREE FOUND at iteration 45: -6969.699
Optimizing NNI: done in 0.963081 secs using 98.47% CPU
Optimizing NNI: done in 1.56911 secs using 96.56% CPU
Optimizing NNI: done in 0.907863 secs using 97.72% CPU
Optimizing NNI: done in 1.14851 secs using 99.61% CPU
Optimizing NNI: done in 1.3673 secs using 99.49% CPU
Iteration 50 / LogL: -6976.533 / Time: 0h:1m:36s (0h:3m:6s left)
Log-likelihood cutoff on original alignment: -7015.628
Optimizing NNI: done in 1.25222 secs using 99.28% CPU
Optimizing NNI: done in 1.71855 secs using 90.68% CPU
Optimizing NNI: done in 0.964165 secs using 94.98% CPU
Optimizing NNI: done in 0.976813 secs using 99.07% CPU
Optimizing NNI: done in 1.24849 secs using 99.35% CPU
Optimizing NNI: done in 1.25437 secs using 99.73% CPU
Optimizing NNI: done in 1.28186 secs using 99.48% CPU
Optimizing NNI: done in 1.38905 secs using 93.08% CPU
Optimizing NNI: done in 1.3201 secs using 99.33% CPU
Optimizing NNI: done in 1.35144 secs using 99.69% CPU
Iteration 60 / LogL: -6969.742 / Time: 0h:1m:49s (0h:2m:37s left)
Optimizing NNI: done in 1.129 secs using 97.49% CPU
Optimizing NNI: done in 1.50978 secs using 94.09% CPU
Optimizing NNI: done in 1.27223 secs using 99.52% CPU
Optimizing NNI: done in 1.08146 secs using 99.63% CPU
Optimizing NNI: done in 1.54862 secs using 98.27% CPU
Optimizing NNI: done in 1.02705 secs using 99.68% CPU
Optimizing NNI: done in 1.2979 secs using 99.58% CPU
Optimizing NNI: done in 1.09199 secs using 99.82% CPU
Optimizing NNI: done in 1.33467 secs using 99.6% CPU
Optimizing NNI: done in 1.1386 secs using 99.72% CPU
Iteration 70 / LogL: -6983.157 / Time: 0h:2m:2s (0h:2m:12s left)
Optimizing NNI: done in 1.21682 secs using 99.5% CPU
Optimizing NNI: done in 1.51158 secs using 99.82% CPU
Optimizing NNI: done in 1.09563 secs using 99.74% CPU
Optimizing NNI: done in 1.41532 secs using 92.96% CPU
Optimizing NNI: done in 1.08371 secs using 99.16% CPU
Optimizing NNI: done in 1.00776 secs using 98.86% CPU
Optimizing NNI: done in 0.611835 secs using 99.85% CPU
Optimizing NNI: done in 1.13612 secs using 99.75% CPU
Optimizing NNI: done in 1.12706 secs using 99.79% CPU
Optimizing NNI: done in 1.31661 secs using 99.75% CPU
Iteration 80 / LogL: -6969.751 / Time: 0h:2m:14s (0h:1m:50s left)
Optimizing NNI: done in 0.987563 secs using 97.13% CPU
Optimizing NNI: done in 1.04087 secs using 96.73% CPU
Optimizing NNI: done in 1.12025 secs using 87.65% CPU
Optimizing NNI: done in 0.820171 secs using 99.22% CPU
Optimizing NNI: done in 1.02857 secs using 99.78% CPU
Optimizing NNI: done in 1.0934 secs using 99.47% CPU
Optimizing NNI: done in 0.863284 secs using 99.75% CPU
Optimizing NNI: done in 1.13312 secs using 98.92% CPU
Optimizing NNI: done in 1.22257 secs using 99.62% CPU
Optimizing NNI: done in 1.04753 secs using 97.94% CPU
Iteration 90 / LogL: -7003.580 / Time: 0h:2m:24s (0h:1m:29s left)
Optimizing NNI: done in 1.27785 secs using 88.82% CPU
Optimizing NNI: done in 1.5206 secs using 91.05% CPU
Optimizing NNI: done in 1.83484 secs using 99.61% CPU
Optimizing NNI: done in 1.49541 secs using 99.71% CPU
Optimizing NNI: done in 1.44689 secs using 99.82% CPU
Optimizing NNI: done in 1.26716 secs using 99.43% CPU
Optimizing NNI: done in 1.81279 secs using 95.39% CPU
Optimizing NNI: done in 1.39992 secs using 99.71% CPU
Optimizing NNI: done in 1.38906 secs using 90.26% CPU
Optimizing NNI: done in 1.19295 secs using 95.53% CPU
Iteration 100 / LogL: -6981.873 / Time: 0h:2m:39s (0h:1m:12s left)
Log-likelihood cutoff on original alignment: -7015.628
NOTE: Bootstrap correlation coefficient of split occurrence frequencies: 0.988
NOTE: UFBoot does not converge, continue at least 100 more iterations
Optimizing NNI: done in 1.61621 secs using 99.73% CPU
Optimizing NNI: done in 1.30861 secs using 99.7% CPU
Optimizing NNI: done in 1.33583 secs using 99.73% CPU
Optimizing NNI: done in 1.15791 secs using 99.71% CPU
Optimizing NNI: done in 1.18114 secs using 99.73% CPU
Optimizing NNI: done in 1.30268 secs using 99.68% CPU
Optimizing NNI: done in 1.05283 secs using 98.96% CPU
Optimizing NNI: done in 1.49496 secs using 99.7% CPU
Optimizing NNI: done in 1.50416 secs using 99.68% CPU
Optimizing NNI: done in 1.18354 secs using 99.4% CPU
Iteration 110 / LogL: -6975.615 / Time: 0h:2m:53s (0h:2m:23s left)
Optimizing NNI: done in 1.02063 secs using 99.78% CPU
Optimizing NNI: done in 1.49093 secs using 99.5% CPU
Optimizing NNI: done in 1.45013 secs using 99.52% CPU
Optimizing NNI: done in 0.775 secs using 99.75% CPU
Optimizing NNI: done in 1.09892 secs using 99.8% CPU
Optimizing NNI: done in 1.22359 secs using 99.61% CPU
Optimizing NNI: done in 1.45513 secs using 89.77% CPU
Optimizing NNI: done in 1.22556 secs using 96.3% CPU
Optimizing NNI: done in 1.14997 secs using 97.31% CPU
Optimizing NNI: done in 0.876054 secs using 98.61% CPU
Iteration 120 / LogL: -6981.396 / Time: 0h:3m:5s (0h:2m:4s left)
Optimizing NNI: done in 1.13142 secs using 90.21% CPU
Optimizing NNI: done in 1.28238 secs using 95.88% CPU
Optimizing NNI: done in 1.36449 secs using 99.71% CPU
Optimizing NNI: done in 1.31937 secs using 98.98% CPU
Optimizing NNI: done in 1.50127 secs using 98.46% CPU
Optimizing NNI: done in 1.41754 secs using 93.33% CPU
Optimizing NNI: done in 1.11987 secs using 98.62% CPU
Optimizing NNI: done in 1.44995 secs using 99.78% CPU
Optimizing NNI: done in 1.18185 secs using 99.64% CPU
Optimizing NNI: done in 1.04232 secs using 99.73% CPU
Iteration 130 / LogL: -6998.456 / Time: 0h:3m:19s (0h:1m:48s left)
Optimizing NNI: done in 1.34736 secs using 99.68% CPU
Optimizing NNI: done in 1.15555 secs using 99.16% CPU
Optimizing NNI: done in 0.835729 secs using 99.25% CPU
Optimizing NNI: done in 1.08486 secs using 99.7% CPU
Optimizing NNI: done in 1.39649 secs using 99.73% CPU
Optimizing NNI: done in 1.58862 secs using 91.09% CPU
Optimizing NNI: done in 1.68234 secs using 99.8% CPU
Optimizing NNI: done in 1.21934 secs using 99.73% CPU
Optimizing NNI: done in 0.750548 secs using 99.69% CPU
Optimizing NNI: done in 1.40581 secs using 99.88% CPU
Iteration 140 / LogL: -6981.817 / Time: 0h:3m:31s (0h:1m:31s left)
Optimizing NNI: done in 0.820497 secs using 99.73% CPU
Optimizing NNI: done in 1.31429 secs using 99.74% CPU
Optimizing NNI: done in 1.23072 secs using 99.58% CPU
Optimizing NNI: done in 1.34251 secs using 99.52% CPU
Optimizing NNI: done in 1.65186 secs using 87.14% CPU
Optimizing NNI: done in 1.00517 secs using 99.12% CPU
Optimizing NNI: done in 1.3549 secs using 99.5% CPU
Optimizing NNI: done in 1.21761 secs using 99.37% CPU
Optimizing NNI: done in 0.833345 secs using 99.74% CPU
Optimizing NNI: done in 1.61945 secs using 91.65% CPU
Iteration 150 / LogL: -6969.771 / Time: 0h:3m:44s (0h:1m:15s left)
Log-likelihood cutoff on original alignment: -7015.628
Optimizing NNI: done in 1.24146 secs using 99.21% CPU
Optimizing NNI: done in 0.811674 secs using 99.09% CPU
Optimizing NNI: done in 1.06583 secs using 98.23% CPU
Optimizing NNI: done in 1.12838 secs using 99.19% CPU
Optimizing NNI: done in 1.43929 secs using 91.5% CPU
Optimizing NNI: done in 1.61464 secs using 97.44% CPU
Optimizing NNI: done in 0.859886 secs using 98.32% CPU
Optimizing NNI: done in 1.13269 secs using 97.41% CPU
Optimizing NNI: done in 1.36728 secs using 91.06% CPU
Optimizing NNI: done in 0.725971 secs using 98.55% CPU
Iteration 160 / LogL: -7050.490 / Time: 0h:3m:57s (0h:0m:59s left)
Optimizing NNI: done in 1.34919 secs using 99.56% CPU
Optimizing NNI: done in 1.15059 secs using 97.71% CPU
Optimizing NNI: done in 1.24397 secs using 97.18% CPU
Optimizing NNI: done in 1.38947 secs using 98.13% CPU
Optimizing NNI: done in 1.21665 secs using 99.64% CPU
Optimizing NNI: done in 1.57125 secs using 95.38% CPU
Optimizing NNI: done in 1.03413 secs using 99.64% CPU
Optimizing NNI: done in 1.71883 secs using 98.77% CPU
Optimizing NNI: done in 1.08428 secs using 99.59% CPU
Optimizing NNI: done in 0.894681 secs using 99.6% CPU
Iteration 170 / LogL: -7006.974 / Time: 0h:4m:10s (0h:0m:44s left)
Optimizing NNI: done in 1.17818 secs using 99.73% CPU
Optimizing NNI: done in 1.39899 secs using 99.5% CPU
Optimizing NNI: done in 1.43784 secs using 99.07% CPU
Optimizing NNI: done in 1.51556 secs using 99.78% CPU
Optimizing NNI: done in 1.09982 secs using 99.61% CPU
Optimizing NNI: done in 0.843296 secs using 99.72% CPU
Optimizing NNI: done in 1.41749 secs using 99.75% CPU
Optimizing NNI: done in 1.11727 secs using 99.76% CPU
Optimizing NNI: done in 1.4437 secs using 91.14% CPU
Optimizing NNI: done in 1.21152 secs using 99.75% CPU
Iteration 180 / LogL: -6990.673 / Time: 0h:4m:23s (0h:0m:29s left)
Optimizing NNI: done in 0.73532 secs using 99.77% CPU
Optimizing NNI: done in 1.35845 secs using 98.98% CPU
Optimizing NNI: done in 1.48686 secs using 98.24% CPU
Optimizing NNI: done in 1.30691 secs using 99.85% CPU
Optimizing NNI: done in 1.30493 secs using 99.39% CPU
Optimizing NNI: done in 1.54404 secs using 99.79% CPU
Optimizing NNI: done in 1.19906 secs using 99.82% CPU
Optimizing NNI: done in 1.41708 secs using 99.74% CPU
Optimizing NNI: done in 0.99081 secs using 99.51% CPU
Optimizing NNI: done in 1.25759 secs using 99.77% CPU
Iteration 190 / LogL: -6978.249 / Time: 0h:4m:36s (0h:0m:14s left)
Optimizing NNI: done in 1.51154 secs using 90.94% CPU
Optimizing NNI: done in 1.45548 secs using 99.22% CPU
Optimizing NNI: done in 1.55779 secs using 99.73% CPU
Optimizing NNI: done in 1.09881 secs using 99.74% CPU
Optimizing NNI: done in 1.42569 secs using 99.77% CPU
Optimizing NNI: done in 1.04737 secs using 99.67% CPU
Optimizing NNI: done in 1.16063 secs using 99.75% CPU
Optimizing NNI: done in 1.07071 secs using 99.77% CPU
Optimizing NNI: done in 1.095 secs using 99.77% CPU
Optimizing NNI: done in 1.47106 secs using 99.76% CPU
Iteration 200 / LogL: -6981.758 / Time: 0h:4m:50s (0h:0m:0s left)
Log-likelihood cutoff on original alignment: -7015.628
NOTE: Bootstrap correlation coefficient of split occurrence frequencies: 0.990
TREE SEARCH COMPLETED AFTER 200 ITERATIONS / Time: 0h:4m:50s

--------------------------------------------------------------------
|                    FINALIZING TREE SEARCH                        |
--------------------------------------------------------------------
Performs final model parameters optimization
Estimate model parameters (epsilon = 0.010)
1. Initial log-likelihood: -6969.699
2. Current log-likelihood: -6969.681
Optimal log-likelihood: -6969.678
Rate parameters:  A-C: 1.62380  A-G: 9.57324  A-T: 1.54906  C-G: 0.00010  C-T: 20.33846  G-T: 1.00000
Warning! Some parameters hit the boundaries
Base frequencies:  A: 0.375  C: 0.177  G: 0.175  T: 0.273
Gamma shape alpha: 0.280
Parameters optimization took 2 rounds (0.407 sec)
BEST SCORE FOUND : -6969.678

Testing tree branches by SH-like aLRT with 1000 replicates...
5.469 sec.
Creating bootstrap support values...
Split supports printed to NEXUS file iqtree/F_sequences.splits.nex
Total tree length: 0.403

Total number of iterations: 200
CPU time used for tree search: 262.759 sec (0h:4m:22s)
Wall-clock time used for tree search: 270.154 sec (0h:4m:30s)
Total CPU time used: 290.549 sec (0h:4m:50s)
Total wall-clock time used: 296.921 sec (0h:4m:56s)

Computing bootstrap consensus tree...
Reading input file iqtree/F_sequences.splits.nex...
366 taxa and 6897 splits.
Consensus tree written to iqtree/F_sequences.contree
Reading input trees file iqtree/F_sequences.contree
Log-likelihood of consensus tree: -6970.386

Analysis results written to: 
  IQ-TREE report:                iqtree/F_sequences.iqtree
  Maximum-likelihood tree:       iqtree/F_sequences.treefile
  Likelihood distances:          iqtree/F_sequences.mldist

Ultrafast bootstrap approximation results written to:
  Split support values:          iqtree/F_sequences.splits.nex
  Consensus tree:                iqtree/F_sequences.contree
  Screen log file:               iqtree/F_sequences.log

Date and Time: Mon Sep 15 17:49:51 2025
