IQ-TREE version 3.0.1 for MacOS ARM 64-bit built Jul  9 2025
Developed by Bui Quang Minh, Thomas Wong, Nhan Ly-Trong, Huaiyan Ren
Contributed by Lam-Tung Nguyen, Dominik Schrempf, Chris Bielow,
Olga Chernomor, Michael Woodhams, Diep Thi Hoang, Heiko Schmidt

Host:    snrm2blue.lan (SSE4.2, 8 GB RAM)
Command: iqtree --prefix iqtree/G_sequences -s geneseqs/G_codontrim.fasta -m GTR+G -nt AUTO -bb 1000 -alrt 1000 --redo
Seed:    466068 (Using SPRNG - Scalable Parallel Random Number Generator)
Time:    Thu Sep 11 21:05:26 2025
Kernel:  SSE2 - auto-detect threads (8 CPU cores detected)

Reading alignment file geneseqs/G_codontrim.fasta ... Fasta format detected
Reading fasta file: done in 0.00318885 secs using 23.71% CPU
Alignment most likely contains DNA/RNA sequences
Constructing alignment: done in 0.00119901 secs using 43.87% CPU
Alignment has 49 sequences with 945 columns, 171 distinct patterns
93 parsimony-informative, 67 singleton sites, 785 constant sites
                   Gap/Ambiguity  Composition  p-value
Analyzing sequences: done in 0.000257969 secs using 15.89% CPU
   1  Yale-RSV-0006-1_G    1.38%    passed     99.68%
   2  Yale-RSV-0007-1_G    1.27%    passed     92.92%
   3  Yale-RSV-0020-1_G    1.38%    passed     99.87%
   4  Yale-RSV-0026-1_G    1.38%    passed     99.28%
   5  Yale-RSV-0030-1_G    1.27%    passed     99.57%
   6  Yale-RSV-0037-1_G    1.48%    passed     94.21%
   7  Yale-RSV-0043-1_G    1.38%    passed     99.47%
   8  Yale-RSV-0053-1_G    1.27%    passed     99.81%
   9  Yale-RSV-0055-1_G    1.27%    passed     99.57%
  10  Yale-RSV-0061-1_G    1.38%    passed     99.73%
  11  Yale-RSV-0075-1_G    1.38%    passed     99.73%
  12  Yale-RSV-0076-1_G    1.38%    passed     99.68%
  13  Yale-RSV-0085-1_G    1.27%    passed     99.57%
  14  Yale-RSV-0097-1_G    1.16%    passed     99.56%
  15  Yale-RSV-0113-1_G    1.27%    passed     99.57%
  16  Yale-RSV-0118-1_G    1.27%    passed     94.18%
  17  Yale-RSV-0121-1_G    1.38%    passed     99.47%
  18  Yale-RSV-0133-1_G    2.12%    passed     96.55%
  19  Yale-RSV-0136-1_G    3.70%    passed     99.28%
  20  Yale-RSV-0140-1_G    1.38%    passed     95.93%
  21  Yale-RSV-0142-1_G    0.32%    passed     93.39%
  22  Yale-RSV-0147-1_G    1.38%    passed     99.66%
  23  Yale-RSV-0160-1_G    1.38%    passed     99.74%
  24  Yale-RSV-0161-1_G    1.27%    passed     99.39%
  25  Yale-RSV-0179-1_G    1.38%    passed     95.80%
  26  Yale-RSV-0184-1_G    1.38%    passed     98.69%
  27  Yale-RSV-0187-1_G    1.27%    passed     94.57%
  28  Yale-RSV-0189-1_G    1.27%    passed     99.93%
  29  Yale-RSV-0208-1_G    0.95%    passed     97.45%
  30  Yale-RSV-0216-1_G    1.38%    passed     99.72%
  31  Yale-RSV-0221-1_G    1.27%    passed     99.95%
  32  Yale-RSV-0228-1_G    1.27%    passed     99.69%
  33  Yale-RSV-0231-1_G    1.27%    passed     99.40%
  34  Yale-RSV-0237-1_G    2.22%    passed     99.81%
  35  Yale-RSV-0251-1_G    0.95%    passed     97.45%
  36  Yale-RSV-0252-1_G    1.59%    passed     97.99%
  37  Yale-RSV-0254-1_G    1.27%    passed     99.96%
  38  Yale-RSV-0259-1_G    1.27%    passed     94.57%
  39  Yale-RSV-0262-1_G    1.27%    passed     98.68%
  40  Yale-RSV-0277-1_G    1.27%    passed     99.37%
  41  Yale-RSV-0292-1_G   29.95%    passed      9.07%
  42  Yale-RSV-0294-1_G    1.38%    passed     72.62%
  43  Yale-RSV-0297-1_G   30.58%    passed     13.49%
  44  Yale-RSV-0307-1_G    1.38%    passed     99.47%
  45  Yale-RSV-0311-1_G    1.38%    passed     99.68%
  46  Yale-RSV-0314-1_G    1.06%    passed     99.73%
  47  Yale-RSV-0330-1_G    1.38%    passed     99.72%
  48  Yale-RSV-0346-1_G    1.38%    passed     99.47%
  49  Yale-RSV-0361-1_G    1.38%    passed     99.47%
****  TOTAL                2.55%  0 sequences failed composition chi2 test (p-value<5%; df=3)
NOTE: Yale-RSV-0055-1_G is identical to Yale-RSV-0030-1_G but kept for subsequent analysis
NOTE: Yale-RSV-0121-1_G is identical to Yale-RSV-0043-1_G but kept for subsequent analysis
NOTE: Yale-RSV-0311-1_G is identical to Yale-RSV-0076-1_G but kept for subsequent analysis
Checking for duplicate sequences: done in 0.000156164 secs using 58.27% CPU
Identifying sites to remove: done in 0.000693083 secs using 69.26% CPU
NOTE: 5 identical sequences (see below) will be ignored for subsequent analysis
NOTE: Yale-RSV-0085-1_G (identical to Yale-RSV-0030-1_G) is ignored but added at the end
NOTE: Yale-RSV-0113-1_G (identical to Yale-RSV-0030-1_G) is ignored but added at the end
NOTE: Yale-RSV-0307-1_G (identical to Yale-RSV-0043-1_G) is ignored but added at the end
NOTE: Yale-RSV-0346-1_G (identical to Yale-RSV-0043-1_G) is ignored but added at the end
NOTE: Yale-RSV-0361-1_G (identical to Yale-RSV-0043-1_G) is ignored but added at the end
Alignment was printed to iqtree/G_sequences.uniqueseq.phy

For your convenience alignment with unique sequences printed to iqtree/G_sequences.uniqueseq.phy

Create initial parsimony tree by phylogenetic likelihood library (PLL)... 0.004 seconds
Generating 1000 samples for ultrafast bootstrap (seed: 466068)...

NOTE: 1 MB RAM (0 GB) is required!
Measuring multi-threading efficiency up to 8 CPU cores
Increase to 10 rounds for branch lengths
654 trees examined
Threads: 1 / Time: 8.005 sec / Speedup: 1.000 / Efficiency: 100% / LogL: -5326
Threads: 2 / Time: 14.523 sec / Speedup: 0.551 / Efficiency: 28% / LogL: -5326
Determining AUTO threadcount: done in 22.5292 secs using 87.25% CPU
BEST NUMBER OF THREADS: 1

Estimate model parameters (epsilon = 0.100)
1. Initial log-likelihood: -2645.062
2. Current log-likelihood: -2555.557
3. Current log-likelihood: -2515.687
Optimal log-likelihood: -2515.604
Rate parameters:  A-C: 7.49933  A-G: 66.69749  A-T: 12.40115  C-G: 0.00010  C-T: 99.86409  G-T: 1.00000
Warning! Some parameters hit the boundaries
Base frequencies:  A: 0.401  C: 0.319  G: 0.108  T: 0.171
Gamma shape alpha: 0.463
Parameters optimization took 3 rounds (0.100 sec)

WARNING: Estimated model parameters are at boundary that can cause numerical instability!

Wrote distance file to... 
Computing ML distances based on estimated model parameters...
Calculating distance matrix: done in 0.008286 secs using 99.59% CPU
Computing ML distances took 0.008344 sec (of wall-clock time) 0.008293 sec (of CPU time)
Setting up auxiliary I and S matrices: done in 8.10623e-05 secs using 118.4% CPU
Constructing RapidNJ tree: done in 0.000152826 secs using 170.1% CPU
Computing RapidNJ tree took 0.000271 sec (of wall-clock time) 0.000396 sec (of CPU time)
Log-likelihood of RapidNJ tree: -2517.341
--------------------------------------------------------------------
|             INITIALIZING CANDIDATE TREE SET                      |
--------------------------------------------------------------------
Generating 98 parsimony trees... 0.165 second
Computing log-likelihood of 98 initial trees ... 0.240 seconds
Current best score: -2514.436

Do NNI search on 20 best initial trees
Optimizing NNI: done in 0.0419528 secs using 85.45% CPU
Estimate model parameters (epsilon = 0.100)
BETTER TREE FOUND at iteration 1: -2512.759
Optimizing NNI: done in 0.0327489 secs using 99.4% CPU
BETTER TREE FOUND at iteration 2: -2512.759
Optimizing NNI: done in 0.035496 secs using 99.53% CPU
Optimizing NNI: done in 0.021678 secs using 99.78% CPU
Optimizing NNI: done in 0.022475 secs using 99.74% CPU
Optimizing NNI: done in 0.0230479 secs using 99.82% CPU
Optimizing NNI: done in 0.023504 secs using 99.96% CPU
Optimizing NNI: done in 0.0231292 secs using 99.67% CPU
Optimizing NNI: done in 0.0485969 secs using 99.37% CPU
Optimizing NNI: done in 0.0521481 secs using 99.58% CPU
Iteration 10 / LogL: -2512.761 / Time: 0h:0m:23s
Optimizing NNI: done in 0.039022 secs using 99.52% CPU
Optimizing NNI: done in 0.0295901 secs using 99.39% CPU
Optimizing NNI: done in 0.0399871 secs using 99.66% CPU
Optimizing NNI: done in 0.043113 secs using 99.23% CPU
Optimizing NNI: done in 0.0234151 secs using 99.59% CPU
Optimizing NNI: done in 0.036803 secs using 99.48% CPU
Optimizing NNI: done in 0.0440798 secs using 99.69% CPU
Optimizing NNI: done in 0.0235109 secs using 99.5% CPU
Optimizing NNI: done in 0.044426 secs using 99.54% CPU
Optimizing NNI: done in 0.033143 secs using 98.94% CPU
Iteration 20 / LogL: -2514.649 / Time: 0h:0m:23s
Finish initializing candidate tree set (20)
Current best tree score: -2512.759 / CPU time: 1.143
Number of iterations: 20
--------------------------------------------------------------------
|               OPTIMIZING CANDIDATE TREE SET                      |
--------------------------------------------------------------------
Optimizing NNI: done in 0.0775769 secs using 97.88% CPU
Optimizing NNI: done in 0.060509 secs using 98.47% CPU
Optimizing NNI: done in 0.033988 secs using 98.7% CPU
BETTER TREE FOUND at iteration 23: -2512.759
Optimizing NNI: done in 0.0552011 secs using 99.73% CPU
Optimizing NNI: done in 0.0550179 secs using 99.26% CPU
Optimizing NNI: done in 0.052865 secs using 99.21% CPU
Optimizing NNI: done in 0.050926 secs using 99.24% CPU
Optimizing NNI: done in 0.0454872 secs using 99.57% CPU
Optimizing NNI: done in 0.0570669 secs using 99.81% CPU
Optimizing NNI: done in 0.047262 secs using 99.76% CPU
Iteration 30 / LogL: -2512.766 / Time: 0h:0m:24s (0h:1m:18s left)
Optimizing NNI: done in 0.0400128 secs using 99.63% CPU
Optimizing NNI: done in 0.0414879 secs using 99.7% CPU
Optimizing NNI: done in 0.0621719 secs using 99.5% CPU
Optimizing NNI: done in 0.044179 secs using 99.9% CPU
Optimizing NNI: done in 0.05391 secs using 99.74% CPU
Optimizing NNI: done in 0.058965 secs using 99.58% CPU
Optimizing NNI: done in 0.0783031 secs using 99.77% CPU
Optimizing NNI: done in 0.054827 secs using 99.56% CPU
Optimizing NNI: done in 0.0795879 secs using 99.58% CPU
Optimizing NNI: done in 0.0667489 secs using 99.88% CPU
Iteration 40 / LogL: -2512.761 / Time: 0h:0m:24s (0h:0m:53s left)
Optimizing NNI: done in 0.044533 secs using 99.71% CPU
Optimizing NNI: done in 0.058919 secs using 99.37% CPU
Optimizing NNI: done in 0.0435719 secs using 99.69% CPU
Optimizing NNI: done in 0.0533848 secs using 99.76% CPU
Optimizing NNI: done in 0.0422111 secs using 99.5% CPU
Optimizing NNI: done in 0.0552289 secs using 99.49% CPU
Optimizing NNI: done in 0.054069 secs using 99.45% CPU
Optimizing NNI: done in 0.0756831 secs using 99.81% CPU
Optimizing NNI: done in 0.044585 secs using 99.59% CPU
Optimizing NNI: done in 0.0525901 secs using 99.55% CPU
Iteration 50 / LogL: -2513.045 / Time: 0h:0m:25s (0h:0m:38s left)
Log-likelihood cutoff on original alignment: -2553.436
Optimizing NNI: done in 0.0575349 secs using 99.69% CPU
Optimizing NNI: done in 0.051779 secs using 99.52% CPU
Optimizing NNI: done in 0.054013 secs using 97.76% CPU
Optimizing NNI: done in 0.0541639 secs using 99.64% CPU
Optimizing NNI: done in 0.074558 secs using 99.73% CPU
Optimizing NNI: done in 0.0569901 secs using 99.62% CPU
Optimizing NNI: done in 0.0403419 secs using 99.35% CPU
Optimizing NNI: done in 0.062459 secs using 98.08% CPU
Optimizing NNI: done in 0.0472939 secs using 99.6% CPU
Optimizing NNI: done in 0.054143 secs using 99.35% CPU
Iteration 60 / LogL: -2512.767 / Time: 0h:0m:26s (0h:0m:27s left)
Optimizing NNI: done in 0.0409062 secs using 99.6% CPU
Optimizing NNI: done in 0.041106 secs using 99.63% CPU
Optimizing NNI: done in 0.0696011 secs using 99.41% CPU
Optimizing NNI: done in 0.0322661 secs using 99.41% CPU
Optimizing NNI: done in 0.051127 secs using 99.56% CPU
Optimizing NNI: done in 0.04368 secs using 99.6% CPU
Optimizing NNI: done in 0.0650702 secs using 99.7% CPU
Optimizing NNI: done in 0.041543 secs using 99.87% CPU
Optimizing NNI: done in 0.046174 secs using 99.45% CPU
Optimizing NNI: done in 0.0572541 secs using 99.7% CPU
Iteration 70 / LogL: -2512.765 / Time: 0h:0m:26s (0h:0m:20s left)
Optimizing NNI: done in 0.0426409 secs using 99.85% CPU
Optimizing NNI: done in 0.0657921 secs using 99.28% CPU
Optimizing NNI: done in 0.0580821 secs using 99.66% CPU
Optimizing NNI: done in 0.0503218 secs using 99.74% CPU
Optimizing NNI: done in 0.0433812 secs using 99.61% CPU
Optimizing NNI: done in 0.048188 secs using 99.85% CPU
Optimizing NNI: done in 0.061691 secs using 99.57% CPU
Optimizing NNI: done in 0.0557511 secs using 99.43% CPU
Optimizing NNI: done in 0.0557721 secs using 99.51% CPU
Optimizing NNI: done in 0.0630941 secs using 99.52% CPU
Iteration 80 / LogL: -2512.780 / Time: 0h:0m:27s (0h:0m:14s left)
Optimizing NNI: done in 0.0525699 secs using 99.6% CPU
Optimizing NNI: done in 0.059005 secs using 99.55% CPU
Optimizing NNI: done in 0.0613849 secs using 99.49% CPU
Optimizing NNI: done in 0.0698481 secs using 99.55% CPU
Optimizing NNI: done in 0.072752 secs using 99.45% CPU
Optimizing NNI: done in 0.041904 secs using 99.53% CPU
Optimizing NNI: done in 0.043529 secs using 99.42% CPU
Optimizing NNI: done in 0.0387979 secs using 99.58% CPU
Optimizing NNI: done in 0.0493882 secs using 99.51% CPU
Optimizing NNI: done in 0.0406332 secs using 99.8% CPU
Iteration 90 / LogL: -2512.772 / Time: 0h:0m:27s (0h:0m:10s left)
Optimizing NNI: done in 0.0505409 secs using 99.59% CPU
Optimizing NNI: done in 0.0520911 secs using 99.72% CPU
Optimizing NNI: done in 0.0543909 secs using 99.41% CPU
Optimizing NNI: done in 0.065295 secs using 99.67% CPU
Optimizing NNI: done in 0.061625 secs using 99.64% CPU
Optimizing NNI: done in 0.073935 secs using 99.34% CPU
Optimizing NNI: done in 0.0428469 secs using 99.65% CPU
Optimizing NNI: done in 0.0444961 secs using 99.71% CPU
Optimizing NNI: done in 0.0610909 secs using 99.31% CPU
Optimizing NNI: done in 0.0639911 secs using 99.01% CPU
Iteration 100 / LogL: -2512.759 / Time: 0h:0m:28s (0h:0m:6s left)
Log-likelihood cutoff on original alignment: -2553.427
NOTE: Bootstrap correlation coefficient of split occurrence frequencies: 0.994
Optimizing NNI: done in 0.062973 secs using 97.56% CPU
Optimizing NNI: done in 0.055295 secs using 99.16% CPU
Optimizing NNI: done in 0.043612 secs using 99.28% CPU
Optimizing NNI: done in 0.0642469 secs using 99.11% CPU
Optimizing NNI: done in 0.046437 secs using 98.5% CPU
Optimizing NNI: done in 0.0517211 secs using 99.34% CPU
Optimizing NNI: done in 0.054378 secs using 96.1% CPU
Optimizing NNI: done in 0.070575 secs using 95.92% CPU
Optimizing NNI: done in 0.0628231 secs using 94.71% CPU
Optimizing NNI: done in 0.064471 secs using 96.56% CPU
Iteration 110 / LogL: -2513.928 / Time: 0h:0m:29s (0h:0m:24s left)
Optimizing NNI: done in 0.059155 secs using 96.08% CPU
Optimizing NNI: done in 0.0409501 secs using 97.84% CPU
Optimizing NNI: done in 0.039839 secs using 97.22% CPU
Optimizing NNI: done in 0.059921 secs using 97.85% CPU
Optimizing NNI: done in 0.099242 secs using 60.19% CPU
Optimizing NNI: done in 0.0536089 secs using 81.3% CPU
Optimizing NNI: done in 0.047909 secs using 96.41% CPU
Optimizing NNI: done in 0.066323 secs using 96.42% CPU
Optimizing NNI: done in 0.05217 secs using 97.77% CPU
Optimizing NNI: done in 0.0521731 secs using 96.82% CPU
Iteration 120 / LogL: -2512.765 / Time: 0h:0m:29s (0h:0m:19s left)
Optimizing NNI: done in 0.0628271 secs using 95.88% CPU
Optimizing NNI: done in 0.054708 secs using 97.34% CPU
Optimizing NNI: done in 0.050205 secs using 99.19% CPU
Optimizing NNI: done in 0.055439 secs using 98.74% CPU
TREE SEARCH COMPLETED AFTER 124 ITERATIONS / Time: 0h:0m:29s

--------------------------------------------------------------------
|                    FINALIZING TREE SEARCH                        |
--------------------------------------------------------------------
Performs final model parameters optimization
Estimate model parameters (epsilon = 0.010)
1. Initial log-likelihood: -2512.759
Optimal log-likelihood: -2512.756
Rate parameters:  A-C: 7.19932  A-G: 68.04548  A-T: 11.39380  C-G: 0.00010  C-T: 94.78503  G-T: 1.00000
Warning! Some parameters hit the boundaries
Base frequencies:  A: 0.401  C: 0.319  G: 0.108  T: 0.171
Gamma shape alpha: 0.470
Parameters optimization took 1 rounds (0.013 sec)
BEST SCORE FOUND : -2512.756

Testing tree branches by SH-like aLRT with 1000 replicates...
0.602 sec.
Creating bootstrap support values...
Split supports printed to NEXUS file iqtree/G_sequences.splits.nex
Total tree length: 0.229

Total number of iterations: 124
CPU time used for tree search: 7.101 sec (0h:0m:7s)
Wall-clock time used for tree search: 7.312 sec (0h:0m:7s)
Total CPU time used: 27.537 sec (0h:0m:27s)
Total wall-clock time used: 30.674 sec (0h:0m:30s)

Computing bootstrap consensus tree...
Reading input file iqtree/G_sequences.splits.nex...
44 taxa and 401 splits.
Consensus tree written to iqtree/G_sequences.contree
Reading input trees file iqtree/G_sequences.contree
Log-likelihood of consensus tree: -2512.786

Analysis results written to: 
  IQ-TREE report:                iqtree/G_sequences.iqtree
  Maximum-likelihood tree:       iqtree/G_sequences.treefile
  Likelihood distances:          iqtree/G_sequences.mldist

Ultrafast bootstrap approximation results written to:
  Split support values:          iqtree/G_sequences.splits.nex
  Consensus tree:                iqtree/G_sequences.contree
  Screen log file:               iqtree/G_sequences.log

Date and Time: Thu Sep 11 21:05:57 2025
